[2024-08-26 08:28:28] local.ERROR: Undefined array key "applications" {"view":{"view":"/Users/tobikudayisi/repos/admissionboox/resources/views/components/admin-dashboard-stats.blade.php","data":{"errors":"<pre class=sf-dump id=sf-dump-1973711078 data-indent-pad=\"  \"><span class=sf-dump-note>Illuminate\\Support\\ViewErrorBag</span> {<a class=sf-dump-ref>#310</a><samp data-depth=1 class=sf-dump-expanded>
  #<span class=sf-dump-protected title=\"Protected property\">bags</span>: []
</samp>}
</pre><script>Sfdump(\"sf-dump-1973711078\", {\"maxDepth\":3,\"maxStringLength\":160})</script>
","user":"<pre class=sf-dump id=sf-dump-1896905520 data-indent-pad=\"  \"><span class=sf-dump-note>App\\Models\\User</span> {<a class=sf-dump-ref>#673</a><samp data-depth=1 class=sf-dump-expanded>
  #<span class=sf-dump-protected title=\"Protected property\">connection</span>: \"<span class=sf-dump-str title=\"5 characters\">mysql</span>\"
  #<span class=sf-dump-protected title=\"Protected property\">table</span>: \"<span class=sf-dump-str title=\"5 characters\">users</span>\"
  #<span class=sf-dump-protected title=\"Protected property\">primaryKey</span>: \"<span class=sf-dump-str title=\"2 characters\">id</span>\"
  #<span class=sf-dump-protected title=\"Protected property\">keyType</span>: \"<span class=sf-dump-str title=\"3 characters\">int</span>\"
  +<span class=sf-dump-public title=\"Public property\">incrementing</span>: <span class=sf-dump-const>true</span>
  #<span class=sf-dump-protected title=\"Protected property\">with</span>: []
  #<span class=sf-dump-protected title=\"Protected property\">withCount</span>: []
  +<span class=sf-dump-public title=\"Public property\">preventsLazyLoading</span>: <span class=sf-dump-const>false</span>
  #<span class=sf-dump-protected title=\"Protected property\">perPage</span>: <span class=sf-dump-num>15</span>
  +<span class=sf-dump-public title=\"Public property\">exists</span>: <span class=sf-dump-const>true</span>
  +<span class=sf-dump-public title=\"Public property\">wasRecentlyCreated</span>: <span class=sf-dump-const>false</span>
  #<span class=sf-dump-protected title=\"Protected property\">escapeWhenCastingToString</span>: <span class=sf-dump-const>false</span>
  #<span class=sf-dump-protected title=\"Protected property\">attributes</span>: <span class=sf-dump-note>array:16</span> [<samp data-depth=2 class=sf-dump-compact>
    \"<span class=sf-dump-key>id</span>\" => <span class=sf-dump-num>2</span>
    \"<span class=sf-dump-key>email</span>\" => \"<span class=sf-dump-str title=\"22 characters\">kudayisitobi@gmail.com</span>\"
    \"<span class=sf-dump-key>fname</span>\" => \"<span class=sf-dump-str title=\"4 characters\">Tobi</span>\"
    \"<span class=sf-dump-key>lname</span>\" => \"<span class=sf-dump-str title=\"8 characters\">Kudayisi</span>\"
    \"<span class=sf-dump-key>phone</span>\" => \"<span class=sf-dump-str title=\"11 characters\">08063378465</span>\"
    \"<span class=sf-dump-key>gender</span>\" => \"<span class=sf-dump-str title=\"4 characters\">male</span>\"
    \"<span class=sf-dump-key>role</span>\" => \"<span class=sf-dump-str title=\"5 characters\">admin</span>\"
    \"<span class=sf-dump-key>avatar</span>\" => \"\"
    \"<span class=sf-dump-key>verified</span>\" => \"<span class=sf-dump-str title=\"3 characters\">yes</span>\"
    \"<span class=sf-dump-key>complete_signup</span>\" => \"<span class=sf-dump-str title=\"3 characters\">yes</span>\"
    \"<span class=sf-dump-key>password</span>\" => \"<span class=sf-dump-str title=\"60 characters\">$2y$10$AR8.zf5rncwDn7xAmDA5me.V.bXOpPjwN9UciWqnaAcveNPm3Srnu</span>\"
    \"<span class=sf-dump-key>remember_token</span>\" => \"<span class=sf-dump-str title=\"60 characters\">uMdaIwOHxC0cxrcsNg1mbZYcMrlhuW4jPwgA0XR8H5PJWlR8Mo4HnQQ3zyUJ</span>\"
    \"<span class=sf-dump-key>reset_code</span>\" => \"<span class=sf-dump-str title=\"7 characters\">default</span>\"
    \"<span class=sf-dump-key>status</span>\" => \"<span class=sf-dump-str title=\"2 characters\">ok</span>\"
    \"<span class=sf-dump-key>created_at</span>\" => \"<span class=sf-dump-str title=\"19 characters\">2024-07-26 16:31:27</span>\"
    \"<span class=sf-dump-key>updated_at</span>\" => \"<span class=sf-dump-str title=\"19 characters\">2024-07-26 16:31:27</span>\"
  </samp>]
  #<span class=sf-dump-protected title=\"Protected property\">original</span>: <span class=sf-dump-note>array:16</span> [<samp data-depth=2 class=sf-dump-compact>
    \"<span class=sf-dump-key>id</span>\" => <span class=sf-dump-num>2</span>
    \"<span class=sf-dump-key>email</span>\" => \"<span class=sf-dump-str title=\"22 characters\">kudayisitobi@gmail.com</span>\"
    \"<span class=sf-dump-key>fname</span>\" => \"<span class=sf-dump-str title=\"4 characters\">Tobi</span>\"
    \"<span class=sf-dump-key>lname</span>\" => \"<span class=sf-dump-str title=\"8 characters\">Kudayisi</span>\"
    \"<span class=sf-dump-key>phone</span>\" => \"<span class=sf-dump-str title=\"11 characters\">08063378465</span>\"
    \"<span class=sf-dump-key>gender</span>\" => \"<span class=sf-dump-str title=\"4 characters\">male</span>\"
    \"<span class=sf-dump-key>role</span>\" => \"<span class=sf-dump-str title=\"5 characters\">admin</span>\"
    \"<span class=sf-dump-key>avatar</span>\" => \"\"
    \"<span class=sf-dump-key>verified</span>\" => \"<span class=sf-dump-str title=\"3 characters\">yes</span>\"
    \"<span class=sf-dump-key>complete_signup</span>\" => \"<span class=sf-dump-str title=\"3 characters\">yes</span>\"
    \"<span class=sf-dump-key>password</span>\" => \"<span class=sf-dump-str title=\"60 characters\">$2y$10$AR8.zf5rncwDn7xAmDA5me.V.bXOpPjwN9UciWqnaAcveNPm3Srnu</span>\"
    \"<span class=sf-dump-key>remember_token</span>\" => \"<span class=sf-dump-str title=\"60 characters\">uMdaIwOHxC0cxrcsNg1mbZYcMrlhuW4jPwgA0XR8H5PJWlR8Mo4HnQQ3zyUJ</span>\"
    \"<span class=sf-dump-key>reset_code</span>\" => \"<span class=sf-dump-str title=\"7 characters\">default</span>\"
    \"<span class=sf-dump-key>status</span>\" => \"<span class=sf-dump-str title=\"2 characters\">ok</span>\"
    \"<span class=sf-dump-key>created_at</span>\" => \"<span class=sf-dump-str title=\"19 characters\">2024-07-26 16:31:27</span>\"
    \"<span class=sf-dump-key>updated_at</span>\" => \"<span class=sf-dump-str title=\"19 characters\">2024-07-26 16:31:27</span>\"
  </samp>]
  #<span class=sf-dump-protected title=\"Protected property\">changes</span>: []
  #<span class=sf-dump-protected title=\"Protected property\">casts</span>: <span class=sf-dump-note>array:1</span> [<samp data-depth=2 class=sf-dump-compact>
    \"<span class=sf-dump-key>email_verified_at</span>\" => \"<span class=sf-dump-str title=\"8 characters\">datetime</span>\"
  </samp>]
  #<span class=sf-dump-protected title=\"Protected property\">classCastCache</span>: []
  #<span class=sf-dump-protected title=\"Protected property\">attributeCastCache</span>: []
  #<span class=sf-dump-protected title=\"Protected property\">dateFormat</span>: <span class=sf-dump-const>null</span>
  #<span class=sf-dump-protected title=\"Protected property\">appends</span>: []
  #<span class=sf-dump-protected title=\"Protected property\">dispatchesEvents</span>: []
  #<span class=sf-dump-protected title=\"Protected property\">observables</span>: []
  #<span class=sf-dump-protected title=\"Protected property\">relations</span>: []
  #<span class=sf-dump-protected title=\"Protected property\">touches</span>: []
  +<span class=sf-dump-public title=\"Public property\">timestamps</span>: <span class=sf-dump-const>true</span>
  +<span class=sf-dump-public title=\"Public property\">usesUniqueIds</span>: <span class=sf-dump-const>false</span>
  #<span class=sf-dump-protected title=\"Protected property\">hidden</span>: <span class=sf-dump-note>array:1</span> [<samp data-depth=2 class=sf-dump-compact>
    <span class=sf-dump-index>0</span> => \"<span class=sf-dump-str title=\"8 characters\">password</span>\"
  </samp>]
  #<span class=sf-dump-protected title=\"Protected property\">visible</span>: []
  #<span class=sf-dump-protected title=\"Protected property\">fillable</span>: <span class=sf-dump-note>array:13</span> [<samp data-depth=2 class=sf-dump-compact>
    <span class=sf-dump-index>0</span> => \"<span class=sf-dump-str title=\"5 characters\">fname</span>\"
    <span class=sf-dump-index>1</span> => \"<span class=sf-dump-str title=\"5 characters\">lname</span>\"
    <span class=sf-dump-index>2</span> => \"<span class=sf-dump-str title=\"5 characters\">email</span>\"
    <span class=sf-dump-index>3</span> => \"<span class=sf-dump-str title=\"5 characters\">phone</span>\"
    <span class=sf-dump-index>4</span> => \"<span class=sf-dump-str title=\"8 characters\">password</span>\"
    <span class=sf-dump-index>5</span> => \"<span class=sf-dump-str title=\"6 characters\">gender</span>\"
    <span class=sf-dump-index>6</span> => \"<span class=sf-dump-str title=\"4 characters\">role</span>\"
    <span class=sf-dump-index>7</span> => \"<span class=sf-dump-str title=\"6 characters\">avatar</span>\"
    <span class=sf-dump-index>8</span> => \"<span class=sf-dump-str title=\"6 characters\">status</span>\"
    <span class=sf-dump-index>9</span> => \"<span class=sf-dump-str title=\"8 characters\">verified</span>\"
    <span class=sf-dump-index>10</span> => \"<span class=sf-dump-str title=\"15 characters\">complete_signup</span>\"
    <span class=sf-dump-index>11</span> => \"<span class=sf-dump-str title=\"14 characters\">remember_token</span>\"
    <span class=sf-dump-index>12</span> => \"<span class=sf-dump-str title=\"10 characters\">reset_code</span>\"
  </samp>]
  #<span class=sf-dump-protected title=\"Protected property\">guarded</span>: <span class=sf-dump-note>array:1</span> [<samp data-depth=2 class=sf-dump-compact>
    <span class=sf-dump-index>0</span> => \"<span class=sf-dump-str>*</span>\"
  </samp>]
  #<span class=sf-dump-protected title=\"Protected property\">rememberTokenName</span>: \"<span class=sf-dump-str title=\"14 characters\">remember_token</span>\"
  #<span class=sf-dump-protected title=\"Protected property\">accessToken</span>: <span class=sf-dump-const>null</span>
</samp>}
</pre><script>Sfdump(\"sf-dump-1896905520\", {\"maxDepth\":3,\"maxStringLength\":160})</script>
","plugins":"<pre class=sf-dump id=sf-dump-1845824586 data-indent-pad=\"  \">[]
</pre><script>Sfdump(\"sf-dump-1845824586\", {\"maxDepth\":3,\"maxStringLength\":160})</script>
","senders":"<pre class=sf-dump id=sf-dump-30488439 data-indent-pad=\"  \"><span class=sf-dump-note>array:1</span> [<samp data-depth=1 class=sf-dump-expanded>
  <span class=sf-dump-index>0</span> => <span class=sf-dump-note>array:12</span> [<samp data-depth=2 class=sf-dump-compact>
    \"<span class=sf-dump-key>id</span>\" => <span class=sf-dump-num>1</span>
    \"<span class=sf-dump-key>ss</span>\" => \"<span class=sf-dump-str title=\"14 characters\">smtp-pulse.com</span>\"
    \"<span class=sf-dump-key>sp</span>\" => \"<span class=sf-dump-str title=\"3 characters\">465</span>\"
    \"<span class=sf-dump-key>sa</span>\" => \"<span class=sf-dump-str title=\"3 characters\">yes</span>\"
    \"<span class=sf-dump-key>sec</span>\" => \"<span class=sf-dump-str title=\"3 characters\">ssl</span>\"
    \"<span class=sf-dump-key>su</span>\" => \"<span class=sf-dump-str title=\"23 characters\">pancraseikore@gmail.com</span>\"
    \"<span class=sf-dump-key>spp</span>\" => \"<span class=sf-dump-str title=\"13 characters\">F6HQmJkQf44T3</span>\"
    \"<span class=sf-dump-key>sn</span>\" => \"<span class=sf-dump-str title=\"13 characters\">AdmissionBoox</span>\"
    \"<span class=sf-dump-key>se</span>\" => \"<span class=sf-dump-str title=\"26 characters\">info@primetechmedia.com.ng</span>\"
    \"<span class=sf-dump-key>current</span>\" => \"<span class=sf-dump-str title=\"3 characters\">yes</span>\"
    \"<span class=sf-dump-key>status</span>\" => \"<span class=sf-dump-str title=\"7 characters\">enabled</span>\"
    \"<span class=sf-dump-key>date</span>\" => \"<span class=sf-dump-str title=\"14 characters\">20th May, 2024</span>\"
  </samp>]
</samp>]
</pre><script>Sfdump(\"sf-dump-30488439\", {\"maxDepth\":3,\"maxStringLength\":160})</script>
","signals":"<pre class=sf-dump id=sf-dump-1894531045 data-indent-pad=\"  \"><span class=sf-dump-note>array:2</span> [<samp data-depth=1 class=sf-dump-expanded>
  \"<span class=sf-dump-key>okays</span>\" => <span class=sf-dump-note>array:7</span> [<samp data-depth=2 class=sf-dump-compact>
    \"<span class=sf-dump-key>login-status</span>\" => \"<span class=sf-dump-str title=\"18 characters\">Sign in successful</span>\"
    \"<span class=sf-dump-key>add-sender-status</span>\" => \"<span class=sf-dump-str title=\"13 characters\">Sender added!</span>\"
    \"<span class=sf-dump-key>update-profile-status</span>\" => \"<span class=sf-dump-str title=\"16 characters\">Profile updated!</span>\"
    \"<span class=sf-dump-key>new-tracking-status</span>\" => \"<span class=sf-dump-str title=\"15 characters\">Tracking added!</span>\"
    \"<span class=sf-dump-key>tracking-status</span>\" => \"<span class=sf-dump-str title=\"17 characters\">Tracking updated!</span>\"
    \"<span class=sf-dump-key>remove-tracking-status</span>\" => \"<span class=sf-dump-str title=\"17 characters\">Tracking removed!</span>\"
    \"<span class=sf-dump-key>contact-status</span>\" => \"<span class=sf-dump-str title=\"80 characters\">Message sent! Our customer service representatives will get back to you shortly.</span>\"
  </samp>]
  \"<span class=sf-dump-key>errors</span>\" => <span class=sf-dump-note>array:5</span> [<samp data-depth=2 class=sf-dump-compact>
    \"<span class=sf-dump-key>login-status-error</span>\" => \"<span class=sf-dump-str title=\"55 characters\">There was a problem signing in, please contact support.</span>\"
    \"<span class=sf-dump-key>add-sender-status-error</span>\" => \"<span class=sf-dump-str title=\"34 characters\">There was a problem adding sender.</span>\"
    \"<span class=sf-dump-key>update-status-error</span>\" => \"<span class=sf-dump-str title=\"65 characters\">There was a problem updating the account, please contact support.</span>\"
    \"<span class=sf-dump-key>contact-status-error</span>\" => \"<span class=sf-dump-str title=\"65 characters\">There was a problem sending your message, please contact support.</span>\"
    \"<span class=sf-dump-key>tracking-status-error</span>\" => \"<span class=sf-dump-str title=\"29 characters\">Tracking info does not exist!</span>\"
  </samp>]
</samp>]
</pre><script>Sfdump(\"sf-dump-1894531045\", {\"maxDepth\":3,\"maxStringLength\":160})</script>
","notifications":"<pre class=sf-dump id=sf-dump-242080536 data-indent-pad=\"  \">[]
</pre><script>Sfdump(\"sf-dump-242080536\", {\"maxDepth\":3,\"maxStringLength\":160})</script>
","currentClass":"<pre class=sf-dump id=sf-dump-1694919306 data-indent-pad=\"  \">\"<span class=sf-dump-str title=\"9 characters\">dashboard</span>\"
</pre><script>Sfdump(\"sf-dump-1694919306\", {\"maxDepth\":3,\"maxStringLength\":160})</script>
","menuSchools":"<pre class=sf-dump id=sf-dump-1971884552 data-indent-pad=\"  \"><span class=sf-dump-note>array:1</span> [<samp data-depth=1 class=sf-dump-expanded>
  <span class=sf-dump-index>0</span> => <span class=sf-dump-note>array:19</span> [<samp data-depth=2 class=sf-dump-compact>
    \"<span class=sf-dump-key>id</span>\" => <span class=sf-dump-num>1</span>
    \"<span class=sf-dump-key>name</span>\" => \"<span class=sf-dump-str title=\"11 characters\">Test School</span>\"
    \"<span class=sf-dump-key>email</span>\" => \"<span class=sf-dump-str title=\"23 characters\">kkudayisitobi@gmail.com</span>\"
    \"<span class=sf-dump-key>country</span>\" => \"<span class=sf-dump-str title=\"7 characters\">Nigeria</span>\"
    \"<span class=sf-dump-key>phone</span>\" => \"<span class=sf-dump-str title=\"10 characters\">7054291601</span>\"
    \"<span class=sf-dump-key>url</span>\" => \"<span class=sf-dump-str title=\"11 characters\">testschools</span>\"
    \"<span class=sf-dump-key>logo</span>\" => \"<span class=sf-dump-str title=\"90 characters\">https://res.cloudinary.com/admissionboox/image/upload/v1722594984/hpalphwtic861kvxumxt.png</span>\"
    \"<span class=sf-dump-key>landing_page_pic</span>\" => \"\"
    \"<span class=sf-dump-key>status</span>\" => \"<span class=sf-dump-str title=\"6 characters\">active</span>\"
    \"<span class=sf-dump-key>owner</span>\" => <span class=sf-dump-note>array:5</span> [<samp data-depth=3 class=sf-dump-compact>
      \"<span class=sf-dump-key>id</span>\" => <span class=sf-dump-num>1</span>
      \"<span class=sf-dump-key>school_id</span>\" => \"<span class=sf-dump-str>1</span>\"
      \"<span class=sf-dump-key>name</span>\" => \"<span class=sf-dump-str title=\"6 characters\">Ashaka</span>\"
      \"<span class=sf-dump-key>email</span>\" => \"<span class=sf-dump-str title=\"22 characters\">ashaka@testschools.com</span>\"
      \"<span class=sf-dump-key>phone</span>\" => \"<span class=sf-dump-str title=\"11 characters\">08079284917</span>\"
    </samp>]
    \"<span class=sf-dump-key>info</span>\" => <span class=sf-dump-note>array:10</span> [<samp data-depth=3 class=sf-dump-compact>
      \"<span class=sf-dump-key>id</span>\" => <span class=sf-dump-num>1</span>
      \"<span class=sf-dump-key>school_id</span>\" => \"<span class=sf-dump-str>1</span>\"
      \"<span class=sf-dump-key>boarding_type</span>\" => \"<span class=sf-dump-str title=\"4 characters\">both</span>\"
      \"<span class=sf-dump-key>hbu</span>\" => \"<span class=sf-dump-str title=\"5 characters\">other</span>\"
      \"<span class=sf-dump-key>hbu_other</span>\" => \"<span class=sf-dump-str title=\"14 characters\">Testing others</span>\"
      \"<span class=sf-dump-key>school_name</span>\" => \"<span class=sf-dump-str title=\"11 characters\">Test School</span>\"
      \"<span class=sf-dump-key>school_type</span>\" => \"<span class=sf-dump-str title=\"23 characters\">early-primary-secondary</span>\"
      \"<span class=sf-dump-key>school_curriculum</span>\" => \"<span class=sf-dump-str title=\"10 characters\">early-only</span>\"
      \"<span class=sf-dump-key>school_fees</span>\" => \"<span class=sf-dump-str title=\"7 characters\">151-300</span>\"
      \"<span class=sf-dump-key>wcu</span>\" => \"<span class=sf-dump-str title=\"157 characters\">This is an awesome description of our great school. We   have a lot of facilities and equipment to ensure your child has a wonderful environment to learn in.</span>\"
    </samp>]
    \"<span class=sf-dump-key>facilities</span>\" => <span class=sf-dump-note>array:10</span> [<samp data-depth=3 class=sf-dump-compact>
      <span class=sf-dump-index>0</span> => <span class=sf-dump-note>array:3</span> [ &#8230;3]
      <span class=sf-dump-index>1</span> => <span class=sf-dump-note>array:3</span> [ &#8230;3]
      <span class=sf-dump-index>2</span> => <span class=sf-dump-note>array:3</span> [ &#8230;3]
      <span class=sf-dump-index>3</span> => <span class=sf-dump-note>array:3</span> [ &#8230;3]
      <span class=sf-dump-index>4</span> => <span class=sf-dump-note>array:3</span> [ &#8230;3]
      <span class=sf-dump-index>5</span> => <span class=sf-dump-note>array:3</span> [ &#8230;3]
      <span class=sf-dump-index>6</span> => <span class=sf-dump-note>array:3</span> [ &#8230;3]
      <span class=sf-dump-index>7</span> => <span class=sf-dump-note>array:3</span> [ &#8230;3]
      <span class=sf-dump-index>8</span> => <span class=sf-dump-note>array:3</span> [ &#8230;3]
      <span class=sf-dump-index>9</span> => <span class=sf-dump-note>array:3</span> [ &#8230;3]
    </samp>]
    \"<span class=sf-dump-key>resources</span>\" => <span class=sf-dump-note>array:1</span> [<samp data-depth=3 class=sf-dump-compact>
      <span class=sf-dump-index>0</span> => <span class=sf-dump-note>array:4</span> [ &#8230;4]
    </samp>]
    \"<span class=sf-dump-key>clubs</span>\" => <span class=sf-dump-note>array:7</span> [<samp data-depth=3 class=sf-dump-compact>
      <span class=sf-dump-index>0</span> => <span class=sf-dump-note>array:5</span> [ &#8230;5]
      <span class=sf-dump-index>1</span> => <span class=sf-dump-note>array:5</span> [ &#8230;5]
      <span class=sf-dump-index>2</span> => <span class=sf-dump-note>array:5</span> [ &#8230;5]
      <span class=sf-dump-index>3</span> => <span class=sf-dump-note>array:5</span> [ &#8230;5]
      <span class=sf-dump-index>4</span> => <span class=sf-dump-note>array:5</span> [ &#8230;5]
      <span class=sf-dump-index>5</span> => <span class=sf-dump-note>array:5</span> [ &#8230;5]
      <span class=sf-dump-index>6</span> => <span class=sf-dump-note>array:5</span> [ &#8230;5]
    </samp>]
    \"<span class=sf-dump-key>address</span>\" => <span class=sf-dump-note>array:6</span> [<samp data-depth=3 class=sf-dump-compact>
      \"<span class=sf-dump-key>id</span>\" => <span class=sf-dump-num>1</span>
      \"<span class=sf-dump-key>school_id</span>\" => \"<span class=sf-dump-str>1</span>\"
      \"<span class=sf-dump-key>school_state</span>\" => \"<span class=sf-dump-str title=\"5 characters\">Lagos</span>\"
      \"<span class=sf-dump-key>school_address</span>\" => \"<span class=sf-dump-str title=\"21 characters\">1, My School Compound</span>\"
      \"<span class=sf-dump-key>longitude</span>\" => \"<span class=sf-dump-str title=\"7 characters\">132.778</span>\"
      \"<span class=sf-dump-key>latitude</span>\" => \"<span class=sf-dump-str title=\"8 characters\">145.3232</span>\"
    </samp>]
    \"<span class=sf-dump-key>bookmarks</span>\" => <span class=sf-dump-note>array:1</span> [<samp data-depth=3 class=sf-dump-compact>
      <span class=sf-dump-index>0</span> => <span class=sf-dump-note>array:4</span> [ &#8230;4]
    </samp>]
    \"<span class=sf-dump-key>banners</span>\" => <span class=sf-dump-note>array:1</span> [<samp data-depth=3 class=sf-dump-compact>
      <span class=sf-dump-index>0</span> => <span class=sf-dump-note>array:3</span> [ &#8230;3]
    </samp>]
    \"<span class=sf-dump-key>faqs</span>\" => <span class=sf-dump-note>array:2</span> [<samp data-depth=3 class=sf-dump-compact>
      <span class=sf-dump-index>0</span> => <span class=sf-dump-note>array:4</span> [ &#8230;4]
      <span class=sf-dump-index>1</span> => <span class=sf-dump-note>array:4</span> [ &#8230;4]
    </samp>]
    \"<span class=sf-dump-key>date</span>\" => \"<span class=sf-dump-str title=\"15 characters\">26th July, 2024</span>\"
  </samp>]
</samp>]
</pre><script>Sfdump(\"sf-dump-1971884552\", {\"maxDepth\":3,\"maxStringLength\":160})</script>
","schools":"<pre class=sf-dump id=sf-dump-1632697502 data-indent-pad=\"  \"><span class=sf-dump-note>array:1</span> [<samp data-depth=1 class=sf-dump-expanded>
  <span class=sf-dump-index>0</span> => <span class=sf-dump-note>array:19</span> [<samp data-depth=2 class=sf-dump-compact>
    \"<span class=sf-dump-key>id</span>\" => <span class=sf-dump-num>1</span>
    \"<span class=sf-dump-key>name</span>\" => \"<span class=sf-dump-str title=\"11 characters\">Test School</span>\"
    \"<span class=sf-dump-key>email</span>\" => \"<span class=sf-dump-str title=\"23 characters\">kkudayisitobi@gmail.com</span>\"
    \"<span class=sf-dump-key>country</span>\" => \"<span class=sf-dump-str title=\"7 characters\">Nigeria</span>\"
    \"<span class=sf-dump-key>phone</span>\" => \"<span class=sf-dump-str title=\"10 characters\">7054291601</span>\"
    \"<span class=sf-dump-key>url</span>\" => \"<span class=sf-dump-str title=\"11 characters\">testschools</span>\"
    \"<span class=sf-dump-key>logo</span>\" => \"<span class=sf-dump-str title=\"90 characters\">https://res.cloudinary.com/admissionboox/image/upload/v1722594984/hpalphwtic861kvxumxt.png</span>\"
    \"<span class=sf-dump-key>landing_page_pic</span>\" => \"\"
    \"<span class=sf-dump-key>status</span>\" => \"<span class=sf-dump-str title=\"6 characters\">active</span>\"
    \"<span class=sf-dump-key>owner</span>\" => <span class=sf-dump-note>array:5</span> [<samp data-depth=3 class=sf-dump-compact>
      \"<span class=sf-dump-key>id</span>\" => <span class=sf-dump-num>1</span>
      \"<span class=sf-dump-key>school_id</span>\" => \"<span class=sf-dump-str>1</span>\"
      \"<span class=sf-dump-key>name</span>\" => \"<span class=sf-dump-str title=\"6 characters\">Ashaka</span>\"
      \"<span class=sf-dump-key>email</span>\" => \"<span class=sf-dump-str title=\"22 characters\">ashaka@testschools.com</span>\"
      \"<span class=sf-dump-key>phone</span>\" => \"<span class=sf-dump-str title=\"11 characters\">08079284917</span>\"
    </samp>]
    \"<span class=sf-dump-key>info</span>\" => <span class=sf-dump-note>array:10</span> [<samp data-depth=3 class=sf-dump-compact>
      \"<span class=sf-dump-key>id</span>\" => <span class=sf-dump-num>1</span>
      \"<span class=sf-dump-key>school_id</span>\" => \"<span class=sf-dump-str>1</span>\"
      \"<span class=sf-dump-key>boarding_type</span>\" => \"<span class=sf-dump-str title=\"4 characters\">both</span>\"
      \"<span class=sf-dump-key>hbu</span>\" => \"<span class=sf-dump-str title=\"5 characters\">other</span>\"
      \"<span class=sf-dump-key>hbu_other</span>\" => \"<span class=sf-dump-str title=\"14 characters\">Testing others</span>\"
      \"<span class=sf-dump-key>school_name</span>\" => \"<span class=sf-dump-str title=\"11 characters\">Test School</span>\"
      \"<span class=sf-dump-key>school_type</span>\" => \"<span class=sf-dump-str title=\"23 characters\">early-primary-secondary</span>\"
      \"<span class=sf-dump-key>school_curriculum</span>\" => \"<span class=sf-dump-str title=\"10 characters\">early-only</span>\"
      \"<span class=sf-dump-key>school_fees</span>\" => \"<span class=sf-dump-str title=\"7 characters\">151-300</span>\"
      \"<span class=sf-dump-key>wcu</span>\" => \"<span class=sf-dump-str title=\"157 characters\">This is an awesome description of our great school. We   have a lot of facilities and equipment to ensure your child has a wonderful environment to learn in.</span>\"
    </samp>]
    \"<span class=sf-dump-key>facilities</span>\" => <span class=sf-dump-note>array:10</span> [<samp data-depth=3 class=sf-dump-compact>
      <span class=sf-dump-index>0</span> => <span class=sf-dump-note>array:3</span> [ &#8230;3]
      <span class=sf-dump-index>1</span> => <span class=sf-dump-note>array:3</span> [ &#8230;3]
      <span class=sf-dump-index>2</span> => <span class=sf-dump-note>array:3</span> [ &#8230;3]
      <span class=sf-dump-index>3</span> => <span class=sf-dump-note>array:3</span> [ &#8230;3]
      <span class=sf-dump-index>4</span> => <span class=sf-dump-note>array:3</span> [ &#8230;3]
      <span class=sf-dump-index>5</span> => <span class=sf-dump-note>array:3</span> [ &#8230;3]
      <span class=sf-dump-index>6</span> => <span class=sf-dump-note>array:3</span> [ &#8230;3]
      <span class=sf-dump-index>7</span> => <span class=sf-dump-note>array:3</span> [ &#8230;3]
      <span class=sf-dump-index>8</span> => <span class=sf-dump-note>array:3</span> [ &#8230;3]
      <span class=sf-dump-index>9</span> => <span class=sf-dump-note>array:3</span> [ &#8230;3]
    </samp>]
    \"<span class=sf-dump-key>resources</span>\" => <span class=sf-dump-note>array:1</span> [<samp data-depth=3 class=sf-dump-compact>
      <span class=sf-dump-index>0</span> => <span class=sf-dump-note>array:4</span> [ &#8230;4]
    </samp>]
    \"<span class=sf-dump-key>clubs</span>\" => <span class=sf-dump-note>array:7</span> [<samp data-depth=3 class=sf-dump-compact>
      <span class=sf-dump-index>0</span> => <span class=sf-dump-note>array:5</span> [ &#8230;5]
      <span class=sf-dump-index>1</span> => <span class=sf-dump-note>array:5</span> [ &#8230;5]
      <span class=sf-dump-index>2</span> => <span class=sf-dump-note>array:5</span> [ &#8230;5]
      <span class=sf-dump-index>3</span> => <span class=sf-dump-note>array:5</span> [ &#8230;5]
      <span class=sf-dump-index>4</span> => <span class=sf-dump-note>array:5</span> [ &#8230;5]
      <span class=sf-dump-index>5</span> => <span class=sf-dump-note>array:5</span> [ &#8230;5]
      <span class=sf-dump-index>6</span> => <span class=sf-dump-note>array:5</span> [ &#8230;5]
    </samp>]
    \"<span class=sf-dump-key>address</span>\" => <span class=sf-dump-note>array:6</span> [<samp data-depth=3 class=sf-dump-compact>
      \"<span class=sf-dump-key>id</span>\" => <span class=sf-dump-num>1</span>
      \"<span class=sf-dump-key>school_id</span>\" => \"<span class=sf-dump-str>1</span>\"
      \"<span class=sf-dump-key>school_state</span>\" => \"<span class=sf-dump-str title=\"5 characters\">Lagos</span>\"
      \"<span class=sf-dump-key>school_address</span>\" => \"<span class=sf-dump-str title=\"21 characters\">1, My School Compound</span>\"
      \"<span class=sf-dump-key>longitude</span>\" => \"<span class=sf-dump-str title=\"7 characters\">132.778</span>\"
      \"<span class=sf-dump-key>latitude</span>\" => \"<span class=sf-dump-str title=\"8 characters\">145.3232</span>\"
    </samp>]
    \"<span class=sf-dump-key>bookmarks</span>\" => <span class=sf-dump-note>array:1</span> [<samp data-depth=3 class=sf-dump-compact>
      <span class=sf-dump-index>0</span> => <span class=sf-dump-note>array:4</span> [ &#8230;4]
    </samp>]
    \"<span class=sf-dump-key>banners</span>\" => <span class=sf-dump-note>array:1</span> [<samp data-depth=3 class=sf-dump-compact>
      <span class=sf-dump-index>0</span> => <span class=sf-dump-note>array:3</span> [ &#8230;3]
    </samp>]
    \"<span class=sf-dump-key>faqs</span>\" => <span class=sf-dump-note>array:2</span> [<samp data-depth=3 class=sf-dump-compact>
      <span class=sf-dump-index>0</span> => <span class=sf-dump-note>array:4</span> [ &#8230;4]
      <span class=sf-dump-index>1</span> => <span class=sf-dump-note>array:4</span> [ &#8230;4]
    </samp>]
    \"<span class=sf-dump-key>date</span>\" => \"<span class=sf-dump-str title=\"15 characters\">26th July, 2024</span>\"
  </samp>]
</samp>]
</pre><script>Sfdump(\"sf-dump-1632697502\", {\"maxDepth\":3,\"maxStringLength\":160})</script>
","facilities":"<pre class=sf-dump id=sf-dump-1482359593 data-indent-pad=\"  \"><span class=sf-dump-note>array:11</span> [<samp data-depth=1 class=sf-dump-expanded>
  <span class=sf-dump-index>0</span> => <span class=sf-dump-note>array:5</span> [<samp data-depth=2 class=sf-dump-compact>
    \"<span class=sf-dump-key>id</span>\" => <span class=sf-dump-num>1</span>
    \"<span class=sf-dump-key>facility_name</span>\" => \"<span class=sf-dump-str title=\"18 characters\">Science laboratory</span>\"
    \"<span class=sf-dump-key>facility_value</span>\" => \"<span class=sf-dump-str title=\"18 characters\">science-laboratory</span>\"
    \"<span class=sf-dump-key>icon</span>\" => \"<span class=sf-dump-str title=\"16 characters\">im-icon-Chemical</span>\"
    \"<span class=sf-dump-key>date</span>\" => \"<span class=sf-dump-str title=\"15 characters\">26th July, 2024</span>\"
  </samp>]
  <span class=sf-dump-index>1</span> => <span class=sf-dump-note>array:5</span> [<samp data-depth=2 class=sf-dump-compact>
    \"<span class=sf-dump-key>id</span>\" => <span class=sf-dump-num>2</span>
    \"<span class=sf-dump-key>facility_name</span>\" => \"<span class=sf-dump-str title=\"14 characters\">ICT Laboratory</span>\"
    \"<span class=sf-dump-key>facility_value</span>\" => \"<span class=sf-dump-str title=\"14 characters\">ict-laboratory</span>\"
    \"<span class=sf-dump-key>icon</span>\" => \"<span class=sf-dump-str title=\"16 characters\">im-icon-Computer</span>\"
    \"<span class=sf-dump-key>date</span>\" => \"<span class=sf-dump-str title=\"15 characters\">26th July, 2024</span>\"
  </samp>]
  <span class=sf-dump-index>2</span> => <span class=sf-dump-note>array:5</span> [<samp data-depth=2 class=sf-dump-compact>
    \"<span class=sf-dump-key>id</span>\" => <span class=sf-dump-num>3</span>
    \"<span class=sf-dump-key>facility_name</span>\" => \"<span class=sf-dump-str title=\"8 characters\">ART Room</span>\"
    \"<span class=sf-dump-key>facility_value</span>\" => \"<span class=sf-dump-str title=\"8 characters\">art-room</span>\"
    \"<span class=sf-dump-key>icon</span>\" => \"<span class=sf-dump-str title=\"15 characters\">im-icon-Palette</span>\"
    \"<span class=sf-dump-key>date</span>\" => \"<span class=sf-dump-str title=\"15 characters\">26th July, 2024</span>\"
  </samp>]
  <span class=sf-dump-index>3</span> => <span class=sf-dump-note>array:5</span> [<samp data-depth=2 class=sf-dump-compact>
    \"<span class=sf-dump-key>id</span>\" => <span class=sf-dump-num>4</span>
    \"<span class=sf-dump-key>facility_name</span>\" => \"<span class=sf-dump-str title=\"10 characters\">Music room</span>\"
    \"<span class=sf-dump-key>facility_value</span>\" => \"<span class=sf-dump-str title=\"10 characters\">music-room</span>\"
    \"<span class=sf-dump-key>icon</span>\" => \"<span class=sf-dump-str title=\"19 characters\">im-icon-Music-Note4</span>\"
    \"<span class=sf-dump-key>date</span>\" => \"<span class=sf-dump-str title=\"15 characters\">26th July, 2024</span>\"
  </samp>]
  <span class=sf-dump-index>4</span> => <span class=sf-dump-note>array:5</span> [<samp data-depth=2 class=sf-dump-compact>
    \"<span class=sf-dump-key>id</span>\" => <span class=sf-dump-num>5</span>
    \"<span class=sf-dump-key>facility_name</span>\" => \"<span class=sf-dump-str title=\"19 characters\">Sporting Facilities</span>\"
    \"<span class=sf-dump-key>facility_value</span>\" => \"<span class=sf-dump-str title=\"19 characters\">sporting-facilities</span>\"
    \"<span class=sf-dump-key>icon</span>\" => \"<span class=sf-dump-str title=\"20 characters\">im-icon-Sports-Shirt</span>\"
    \"<span class=sf-dump-key>date</span>\" => \"<span class=sf-dump-str title=\"15 characters\">26th July, 2024</span>\"
  </samp>]
  <span class=sf-dump-index>5</span> => <span class=sf-dump-note>array:5</span> [<samp data-depth=2 class=sf-dump-compact>
    \"<span class=sf-dump-key>id</span>\" => <span class=sf-dump-num>6</span>
    \"<span class=sf-dump-key>facility_name</span>\" => \"<span class=sf-dump-str title=\"16 characters\">Football Academy</span>\"
    \"<span class=sf-dump-key>facility_value</span>\" => \"<span class=sf-dump-str title=\"16 characters\">football-academy</span>\"
    \"<span class=sf-dump-key>icon</span>\" => \"<span class=sf-dump-str title=\"18 characters\">im-icon-Football-2</span>\"
    \"<span class=sf-dump-key>date</span>\" => \"<span class=sf-dump-str title=\"15 characters\">26th July, 2024</span>\"
  </samp>]
  <span class=sf-dump-index>6</span> => <span class=sf-dump-note>array:5</span> [<samp data-depth=2 class=sf-dump-compact>
    \"<span class=sf-dump-key>id</span>\" => <span class=sf-dump-num>7</span>
    \"<span class=sf-dump-key>facility_name</span>\" => \"<span class=sf-dump-str title=\"8 characters\">Medicare</span>\"
    \"<span class=sf-dump-key>facility_value</span>\" => \"<span class=sf-dump-str title=\"8 characters\">medicare</span>\"
    \"<span class=sf-dump-key>icon</span>\" => \"<span class=sf-dump-str title=\"16 characters\">im-icon-Hospital</span>\"
    \"<span class=sf-dump-key>date</span>\" => \"<span class=sf-dump-str title=\"15 characters\">26th July, 2024</span>\"
  </samp>]
  <span class=sf-dump-index>7</span> => <span class=sf-dump-note>array:5</span> [<samp data-depth=2 class=sf-dump-compact>
    \"<span class=sf-dump-key>id</span>\" => <span class=sf-dump-num>8</span>
    \"<span class=sf-dump-key>facility_name</span>\" => \"<span class=sf-dump-str title=\"13 characters\">Swimming Pool</span>\"
    \"<span class=sf-dump-key>facility_value</span>\" => \"<span class=sf-dump-str title=\"13 characters\">swimming-pool</span>\"
    \"<span class=sf-dump-key>icon</span>\" => \"<span class=sf-dump-str title=\"16 characters\">im-icon-Swimming</span>\"
    \"<span class=sf-dump-key>date</span>\" => \"<span class=sf-dump-str title=\"15 characters\">26th July, 2024</span>\"
  </samp>]
  <span class=sf-dump-index>8</span> => <span class=sf-dump-note>array:5</span> [<samp data-depth=2 class=sf-dump-compact>
    \"<span class=sf-dump-key>id</span>\" => <span class=sf-dump-num>9</span>
    \"<span class=sf-dump-key>facility_name</span>\" => \"<span class=sf-dump-str title=\"8 characters\">Internet</span>\"
    \"<span class=sf-dump-key>facility_value</span>\" => \"<span class=sf-dump-str title=\"8 characters\">internet</span>\"
    \"<span class=sf-dump-key>icon</span>\" => \"<span class=sf-dump-str title=\"13 characters\">im-icon-Globe</span>\"
    \"<span class=sf-dump-key>date</span>\" => \"<span class=sf-dump-str title=\"15 characters\">26th July, 2024</span>\"
  </samp>]
  <span class=sf-dump-index>9</span> => <span class=sf-dump-note>array:5</span> [<samp data-depth=2 class=sf-dump-compact>
    \"<span class=sf-dump-key>id</span>\" => <span class=sf-dump-num>10</span>
    \"<span class=sf-dump-key>facility_name</span>\" => \"<span class=sf-dump-str title=\"12 characters\">Dinning Hall</span>\"
    \"<span class=sf-dump-key>facility_value</span>\" => \"<span class=sf-dump-str title=\"12 characters\">dinning-hall</span>\"
    \"<span class=sf-dump-key>icon</span>\" => \"<span class=sf-dump-str title=\"14 characters\">im-icon-Plates</span>\"
    \"<span class=sf-dump-key>date</span>\" => \"<span class=sf-dump-str title=\"15 characters\">26th July, 2024</span>\"
  </samp>]
  <span class=sf-dump-index>10</span> => <span class=sf-dump-note>array:5</span> [<samp data-depth=2 class=sf-dump-compact>
    \"<span class=sf-dump-key>id</span>\" => <span class=sf-dump-num>11</span>
    \"<span class=sf-dump-key>facility_name</span>\" => \"<span class=sf-dump-str title=\"12 characters\">Robotics lab</span>\"
    \"<span class=sf-dump-key>facility_value</span>\" => \"<span class=sf-dump-str title=\"12 characters\">robotics-lab</span>\"
    \"<span class=sf-dump-key>icon</span>\" => \"<span class=sf-dump-str title=\"15 characters\">im-icon-Robot-2</span>\"
    \"<span class=sf-dump-key>date</span>\" => \"<span class=sf-dump-str title=\"15 characters\">26th July, 2024</span>\"
  </samp>]
</samp>]
</pre><script>Sfdump(\"sf-dump-1482359593\", {\"maxDepth\":3,\"maxStringLength\":160})</script>
","clubs":"<pre class=sf-dump id=sf-dump-1190835833 data-indent-pad=\"  \"><span class=sf-dump-note>array:37</span> [<samp data-depth=1 class=sf-dump-expanded>
  <span class=sf-dump-index>0</span> => <span class=sf-dump-note>array:5</span> [<samp data-depth=2 class=sf-dump-compact>
    \"<span class=sf-dump-key>id</span>\" => <span class=sf-dump-num>1</span>
    \"<span class=sf-dump-key>club_name</span>\" => \"<span class=sf-dump-str title=\"6 characters\">Ballet</span>\"
    \"<span class=sf-dump-key>club_value</span>\" => \"<span class=sf-dump-str title=\"6 characters\">ballet</span>\"
    \"<span class=sf-dump-key>icon</span>\" => \"<span class=sf-dump-str title=\"20 characters\">im-icon-Ballet-Shoes</span>\"
    \"<span class=sf-dump-key>date</span>\" => \"<span class=sf-dump-str title=\"15 characters\">26th July, 2024</span>\"
  </samp>]
  <span class=sf-dump-index>1</span> => <span class=sf-dump-note>array:5</span> [<samp data-depth=2 class=sf-dump-compact>
    \"<span class=sf-dump-key>id</span>\" => <span class=sf-dump-num>2</span>
    \"<span class=sf-dump-key>club_name</span>\" => \"<span class=sf-dump-str title=\"5 characters\">Chess</span>\"
    \"<span class=sf-dump-key>club_value</span>\" => \"<span class=sf-dump-str title=\"5 characters\">chess</span>\"
    \"<span class=sf-dump-key>icon</span>\" => \"<span class=sf-dump-str title=\"13 characters\">im-icon-Chess</span>\"
    \"<span class=sf-dump-key>date</span>\" => \"<span class=sf-dump-str title=\"15 characters\">26th July, 2024</span>\"
  </samp>]
  <span class=sf-dump-index>2</span> => <span class=sf-dump-note>array:5</span> [<samp data-depth=2 class=sf-dump-compact>
    \"<span class=sf-dump-key>id</span>\" => <span class=sf-dump-num>3</span>
    \"<span class=sf-dump-key>club_name</span>\" => \"<span class=sf-dump-str title=\"8 characters\">Scrabble</span>\"
    \"<span class=sf-dump-key>club_value</span>\" => \"<span class=sf-dump-str title=\"8 characters\">scrabble</span>\"
    \"<span class=sf-dump-key>icon</span>\" => \"<span class=sf-dump-str title=\"12 characters\">im-icon-Book</span>\"
    \"<span class=sf-dump-key>date</span>\" => \"<span class=sf-dump-str title=\"15 characters\">26th July, 2024</span>\"
  </samp>]
  <span class=sf-dump-index>3</span> => <span class=sf-dump-note>array:5</span> [<samp data-depth=2 class=sf-dump-compact>
    \"<span class=sf-dump-key>id</span>\" => <span class=sf-dump-num>4</span>
    \"<span class=sf-dump-key>club_name</span>\" => \"<span class=sf-dump-str title=\"8 characters\">Football</span>\"
    \"<span class=sf-dump-key>club_value</span>\" => \"<span class=sf-dump-str title=\"8 characters\">football</span>\"
    \"<span class=sf-dump-key>icon</span>\" => \"<span class=sf-dump-str title=\"18 characters\">im-icon-Football-2</span>\"
    \"<span class=sf-dump-key>date</span>\" => \"<span class=sf-dump-str title=\"15 characters\">26th July, 2024</span>\"
  </samp>]
  <span class=sf-dump-index>4</span> => <span class=sf-dump-note>array:5</span> [<samp data-depth=2 class=sf-dump-compact>
    \"<span class=sf-dump-key>id</span>\" => <span class=sf-dump-num>5</span>
    \"<span class=sf-dump-key>club_name</span>\" => \"<span class=sf-dump-str title=\"8 characters\">Swimming</span>\"
    \"<span class=sf-dump-key>club_value</span>\" => \"<span class=sf-dump-str title=\"8 characters\">swimming</span>\"
    \"<span class=sf-dump-key>icon</span>\" => \"<span class=sf-dump-str title=\"16 characters\">im-icon-Swimming</span>\"
    \"<span class=sf-dump-key>date</span>\" => \"<span class=sf-dump-str title=\"15 characters\">26th July, 2024</span>\"
  </samp>]
  <span class=sf-dump-index>5</span> => <span class=sf-dump-note>array:5</span> [<samp data-depth=2 class=sf-dump-compact>
    \"<span class=sf-dump-key>id</span>\" => <span class=sf-dump-num>6</span>
    \"<span class=sf-dump-key>club_name</span>\" => \"<span class=sf-dump-str title=\"9 characters\">Taekwondo</span>\"
    \"<span class=sf-dump-key>club_value</span>\" => \"<span class=sf-dump-str title=\"9 characters\">taekwondo</span>\"
    \"<span class=sf-dump-key>icon</span>\" => \"<span class=sf-dump-str title=\"18 characters\">im-icon-Aerobics-2</span>\"
    \"<span class=sf-dump-key>date</span>\" => \"<span class=sf-dump-str title=\"15 characters\">26th July, 2024</span>\"
  </samp>]
  <span class=sf-dump-index>6</span> => <span class=sf-dump-note>array:5</span> [<samp data-depth=2 class=sf-dump-compact>
    \"<span class=sf-dump-key>id</span>\" => <span class=sf-dump-num>7</span>
    \"<span class=sf-dump-key>club_name</span>\" => \"<span class=sf-dump-str title=\"5 characters\">Music</span>\"
    \"<span class=sf-dump-key>club_value</span>\" => \"<span class=sf-dump-str title=\"5 characters\">music</span>\"
    \"<span class=sf-dump-key>icon</span>\" => \"<span class=sf-dump-str title=\"19 characters\">im-icon-Music-Note2</span>\"
    \"<span class=sf-dump-key>date</span>\" => \"<span class=sf-dump-str title=\"15 characters\">26th July, 2024</span>\"
  </samp>]
  <span class=sf-dump-index>7</span> => <span class=sf-dump-note>array:5</span> [<samp data-depth=2 class=sf-dump-compact>
    \"<span class=sf-dump-key>id</span>\" => <span class=sf-dump-num>8</span>
    \"<span class=sf-dump-key>club_name</span>\" => \"<span class=sf-dump-str title=\"8 characters\">Robotics</span>\"
    \"<span class=sf-dump-key>club_value</span>\" => \"<span class=sf-dump-str title=\"8 characters\">robotics</span>\"
    \"<span class=sf-dump-key>icon</span>\" => \"<span class=sf-dump-str title=\"15 characters\">im-icon-Robot-2</span>\"
    \"<span class=sf-dump-key>date</span>\" => \"<span class=sf-dump-str title=\"15 characters\">26th July, 2024</span>\"
  </samp>]
  <span class=sf-dump-index>8</span> => <span class=sf-dump-note>array:5</span> [<samp data-depth=2 class=sf-dump-compact>
    \"<span class=sf-dump-key>id</span>\" => <span class=sf-dump-num>9</span>
    \"<span class=sf-dump-key>club_name</span>\" => \"<span class=sf-dump-str title=\"10 characters\">Basketball</span>\"
    \"<span class=sf-dump-key>club_value</span>\" => \"<span class=sf-dump-str title=\"10 characters\">basketball</span>\"
    \"<span class=sf-dump-key>icon</span>\" => \"<span class=sf-dump-str title=\"19 characters\">im-icon-Basket-Ball</span>\"
    \"<span class=sf-dump-key>date</span>\" => \"<span class=sf-dump-str title=\"15 characters\">26th July, 2024</span>\"
  </samp>]
  <span class=sf-dump-index>9</span> => <span class=sf-dump-note>array:5</span> [<samp data-depth=2 class=sf-dump-compact>
    \"<span class=sf-dump-key>id</span>\" => <span class=sf-dump-num>10</span>
    \"<span class=sf-dump-key>club_name</span>\" => \"<span class=sf-dump-str title=\"21 characters\">Table and Lawn Tennis</span>\"
    \"<span class=sf-dump-key>club_value</span>\" => \"<span class=sf-dump-str title=\"21 characters\">table-and-lawn-tennis</span>\"
    \"<span class=sf-dump-key>icon</span>\" => \"<span class=sf-dump-str title=\"14 characters\">im-icon-Tennis</span>\"
    \"<span class=sf-dump-key>date</span>\" => \"<span class=sf-dump-str title=\"15 characters\">26th July, 2024</span>\"
  </samp>]
  <span class=sf-dump-index>10</span> => <span class=sf-dump-note>array:5</span> [<samp data-depth=2 class=sf-dump-compact>
    \"<span class=sf-dump-key>id</span>\" => <span class=sf-dump-num>11</span>
    \"<span class=sf-dump-key>club_name</span>\" => \"<span class=sf-dump-str title=\"9 characters\">Badminton</span>\"
    \"<span class=sf-dump-key>club_value</span>\" => \"<span class=sf-dump-str title=\"9 characters\">badminton</span>\"
    \"<span class=sf-dump-key>icon</span>\" => \"<span class=sf-dump-str title=\"19 characters\">im-icon-Tennis-Ball</span>\"
    \"<span class=sf-dump-key>date</span>\" => \"<span class=sf-dump-str title=\"15 characters\">26th July, 2024</span>\"
  </samp>]
  <span class=sf-dump-index>11</span> => <span class=sf-dump-note>array:5</span> [<samp data-depth=2 class=sf-dump-compact>
    \"<span class=sf-dump-key>id</span>\" => <span class=sf-dump-num>12</span>
    \"<span class=sf-dump-key>club_name</span>\" => \"<span class=sf-dump-str title=\"10 characters\">Volleyball</span>\"
    \"<span class=sf-dump-key>club_value</span>\" => \"<span class=sf-dump-str title=\"10 characters\">volleyball</span>\"
    \"<span class=sf-dump-key>icon</span>\" => \"<span class=sf-dump-str title=\"18 characters\">im-icon-Volleyball</span>\"
    \"<span class=sf-dump-key>date</span>\" => \"<span class=sf-dump-str title=\"15 characters\">26th July, 2024</span>\"
  </samp>]
  <span class=sf-dump-index>12</span> => <span class=sf-dump-note>array:5</span> [<samp data-depth=2 class=sf-dump-compact>
    \"<span class=sf-dump-key>id</span>\" => <span class=sf-dump-num>13</span>
    \"<span class=sf-dump-key>club_name</span>\" => \"<span class=sf-dump-str title=\"12 characters\">Cheerleading</span>\"
    \"<span class=sf-dump-key>club_value</span>\" => \"<span class=sf-dump-str title=\"12 characters\">cheerleading</span>\"
    \"<span class=sf-dump-key>icon</span>\" => \"<span class=sf-dump-str title=\"16 characters\">im-icon-Lesbians</span>\"
    \"<span class=sf-dump-key>date</span>\" => \"<span class=sf-dump-str title=\"15 characters\">26th July, 2024</span>\"
  </samp>]
  <span class=sf-dump-index>13</span> => <span class=sf-dump-note>array:5</span> [<samp data-depth=2 class=sf-dump-compact>
    \"<span class=sf-dump-key>id</span>\" => <span class=sf-dump-num>14</span>
    \"<span class=sf-dump-key>club_name</span>\" => \"<span class=sf-dump-str title=\"11 characters\">Board Games</span>\"
    \"<span class=sf-dump-key>club_value</span>\" => \"<span class=sf-dump-str title=\"11 characters\">board-games</span>\"
    \"<span class=sf-dump-key>icon</span>\" => \"<span class=sf-dump-str title=\"19 characters\">im-icon-Chess-Board</span>\"
    \"<span class=sf-dump-key>date</span>\" => \"<span class=sf-dump-str title=\"15 characters\">26th July, 2024</span>\"
  </samp>]
  <span class=sf-dump-index>14</span> => <span class=sf-dump-note>array:5</span> [<samp data-depth=2 class=sf-dump-compact>
    \"<span class=sf-dump-key>id</span>\" => <span class=sf-dump-num>15</span>
    \"<span class=sf-dump-key>club_name</span>\" => \"<span class=sf-dump-str title=\"8 characters\">Debating</span>\"
    \"<span class=sf-dump-key>club_value</span>\" => \"<span class=sf-dump-str title=\"8 characters\">debating</span>\"
    \"<span class=sf-dump-key>icon</span>\" => \"<span class=sf-dump-str title=\"22 characters\">im-icon-Speach-Bubbles</span>\"
    \"<span class=sf-dump-key>date</span>\" => \"<span class=sf-dump-str title=\"15 characters\">26th July, 2024</span>\"
  </samp>]
  <span class=sf-dump-index>15</span> => <span class=sf-dump-note>array:5</span> [<samp data-depth=2 class=sf-dump-compact>
    \"<span class=sf-dump-key>id</span>\" => <span class=sf-dump-num>16</span>
    \"<span class=sf-dump-key>club_name</span>\" => \"<span class=sf-dump-str title=\"15 characters\">Public Speaking</span>\"
    \"<span class=sf-dump-key>club_value</span>\" => \"<span class=sf-dump-str title=\"15 characters\">public-speaking</span>\"
    \"<span class=sf-dump-key>icon</span>\" => \"<span class=sf-dump-str title=\"20 characters\">im-icon-Microphone-7</span>\"
    \"<span class=sf-dump-key>date</span>\" => \"<span class=sf-dump-str title=\"15 characters\">26th July, 2024</span>\"
  </samp>]
  <span class=sf-dump-index>16</span> => <span class=sf-dump-note>array:5</span> [<samp data-depth=2 class=sf-dump-compact>
    \"<span class=sf-dump-key>id</span>\" => <span class=sf-dump-num>17</span>
    \"<span class=sf-dump-key>club_name</span>\" => \"<span class=sf-dump-str title=\"5 characters\">Drama</span>\"
    \"<span class=sf-dump-key>club_value</span>\" => \"<span class=sf-dump-str title=\"5 characters\">drama</span>\"
    \"<span class=sf-dump-key>icon</span>\" => \"<span class=sf-dump-str title=\"18 characters\">im-icon-Film-Board</span>\"
    \"<span class=sf-dump-key>date</span>\" => \"<span class=sf-dump-str title=\"15 characters\">26th July, 2024</span>\"
  </samp>]
  <span class=sf-dump-index>17</span> => <span class=sf-dump-note>array:5</span> [<samp data-depth=2 class=sf-dump-compact>
    \"<span class=sf-dump-key>id</span>\" => <span class=sf-dump-num>18</span>
    \"<span class=sf-dump-key>club_name</span>\" => \"<span class=sf-dump-str title=\"12 characters\">MAD Sciences</span>\"
    \"<span class=sf-dump-key>club_value</span>\" => \"<span class=sf-dump-str title=\"12 characters\">mad-sciences</span>\"
    \"<span class=sf-dump-key>icon</span>\" => \"<span class=sf-dump-str title=\"15 characters\">im-icon-Formula</span>\"
    \"<span class=sf-dump-key>date</span>\" => \"<span class=sf-dump-str title=\"15 characters\">26th July, 2024</span>\"
  </samp>]
  <span class=sf-dump-index>18</span> => <span class=sf-dump-note>array:5</span> [<samp data-depth=2 class=sf-dump-compact>
    \"<span class=sf-dump-key>id</span>\" => <span class=sf-dump-num>19</span>
    \"<span class=sf-dump-key>club_name</span>\" => \"<span class=sf-dump-str title=\"17 characters\">Reading and Books</span>\"
    \"<span class=sf-dump-key>club_value</span>\" => \"<span class=sf-dump-str title=\"17 characters\">reading-and-books</span>\"
    \"<span class=sf-dump-key>icon</span>\" => \"<span class=sf-dump-str title=\"12 characters\">im-icon-Book</span>\"
    \"<span class=sf-dump-key>date</span>\" => \"<span class=sf-dump-str title=\"15 characters\">26th July, 2024</span>\"
  </samp>]
  <span class=sf-dump-index>19</span> => <span class=sf-dump-note>array:5</span> [<samp data-depth=2 class=sf-dump-compact>
    \"<span class=sf-dump-key>id</span>\" => <span class=sf-dump-num>20</span>
    \"<span class=sf-dump-key>club_name</span>\" => \"<span class=sf-dump-str title=\"19 characters\">Robotics and Coding</span>\"
    \"<span class=sf-dump-key>club_value</span>\" => \"<span class=sf-dump-str title=\"19 characters\">robotics-and-coding</span>\"
    \"<span class=sf-dump-key>icon</span>\" => \"<span class=sf-dump-str title=\"13 characters\">im-icon-Robot</span>\"
    \"<span class=sf-dump-key>date</span>\" => \"<span class=sf-dump-str title=\"15 characters\">26th July, 2024</span>\"
  </samp>]
  <span class=sf-dump-index>20</span> => <span class=sf-dump-note>array:5</span> [<samp data-depth=2 class=sf-dump-compact>
    \"<span class=sf-dump-key>id</span>\" => <span class=sf-dump-num>21</span>
    \"<span class=sf-dump-key>club_name</span>\" => \"<span class=sf-dump-str title=\"9 characters\">Computing</span>\"
    \"<span class=sf-dump-key>club_value</span>\" => \"<span class=sf-dump-str title=\"9 characters\">computing</span>\"
    \"<span class=sf-dump-key>icon</span>\" => \"<span class=sf-dump-str title=\"16 characters\">im-icon-Computer</span>\"
    \"<span class=sf-dump-key>date</span>\" => \"<span class=sf-dump-str title=\"15 characters\">26th July, 2024</span>\"
  </samp>]
  <span class=sf-dump-index>21</span> => <span class=sf-dump-note>array:5</span> [<samp data-depth=2 class=sf-dump-compact>
    \"<span class=sf-dump-key>id</span>\" => <span class=sf-dump-num>22</span>
    \"<span class=sf-dump-key>club_name</span>\" => \"<span class=sf-dump-str title=\"10 characters\">Mathletics</span>\"
    \"<span class=sf-dump-key>club_value</span>\" => \"<span class=sf-dump-str title=\"10 characters\">mathletics</span>\"
    \"<span class=sf-dump-key>icon</span>\" => \"<span class=sf-dump-str title=\"15 characters\">im-icon-Formula</span>\"
    \"<span class=sf-dump-key>date</span>\" => \"<span class=sf-dump-str title=\"15 characters\">26th July, 2024</span>\"
  </samp>]
  <span class=sf-dump-index>22</span> => <span class=sf-dump-note>array:5</span> [<samp data-depth=2 class=sf-dump-compact>
    \"<span class=sf-dump-key>id</span>\" => <span class=sf-dump-num>23</span>
    \"<span class=sf-dump-key>club_name</span>\" => \"<span class=sf-dump-str title=\"11 characters\">Engineering</span>\"
    \"<span class=sf-dump-key>club_value</span>\" => \"<span class=sf-dump-str title=\"11 characters\">engineering</span>\"
    \"<span class=sf-dump-key>icon</span>\" => \"<span class=sf-dump-str title=\"19 characters\">im-icon-Engineering</span>\"
    \"<span class=sf-dump-key>date</span>\" => \"<span class=sf-dump-str title=\"15 characters\">26th July, 2024</span>\"
  </samp>]
  <span class=sf-dump-index>23</span> => <span class=sf-dump-note>array:5</span> [<samp data-depth=2 class=sf-dump-compact>
    \"<span class=sf-dump-key>id</span>\" => <span class=sf-dump-num>24</span>
    \"<span class=sf-dump-key>club_name</span>\" => \"<span class=sf-dump-str title=\"5 characters\">Press</span>\"
    \"<span class=sf-dump-key>club_value</span>\" => \"<span class=sf-dump-str title=\"5 characters\">press</span>\"
    \"<span class=sf-dump-key>icon</span>\" => \"<span class=sf-dump-str title=\"10 characters\">im-icon-TV</span>\"
    \"<span class=sf-dump-key>date</span>\" => \"<span class=sf-dump-str title=\"15 characters\">26th July, 2024</span>\"
  </samp>]
  <span class=sf-dump-index>24</span> => <span class=sf-dump-note>array:5</span> [<samp data-depth=2 class=sf-dump-compact>
    \"<span class=sf-dump-key>id</span>\" => <span class=sf-dump-num>25</span>
    \"<span class=sf-dump-key>club_name</span>\" => \"<span class=sf-dump-str title=\"3 characters\">JET</span>\"
    \"<span class=sf-dump-key>club_value</span>\" => \"<span class=sf-dump-str title=\"3 characters\">jet</span>\"
    \"<span class=sf-dump-key>icon</span>\" => \"<span class=sf-dump-str title=\"19 characters\">im-icon-Engineering</span>\"
    \"<span class=sf-dump-key>date</span>\" => \"<span class=sf-dump-str title=\"15 characters\">26th July, 2024</span>\"
  </samp>]
  <span class=sf-dump-index>25</span> => <span class=sf-dump-note>array:5</span> [<samp data-depth=2 class=sf-dump-compact>
    \"<span class=sf-dump-key>id</span>\" => <span class=sf-dump-num>26</span>
    \"<span class=sf-dump-key>club_name</span>\" => \"<span class=sf-dump-str title=\"6 characters\">Safety</span>\"
    \"<span class=sf-dump-key>club_value</span>\" => \"<span class=sf-dump-str title=\"6 characters\">safety</span>\"
    \"<span class=sf-dump-key>icon</span>\" => \"<span class=sf-dump-str title=\"22 characters\">im-icon-Security-Check</span>\"
    \"<span class=sf-dump-key>date</span>\" => \"<span class=sf-dump-str title=\"15 characters\">26th July, 2024</span>\"
  </samp>]
  <span class=sf-dump-index>26</span> => <span class=sf-dump-note>array:5</span> [<samp data-depth=2 class=sf-dump-compact>
    \"<span class=sf-dump-key>id</span>\" => <span class=sf-dump-num>27</span>
    \"<span class=sf-dump-key>club_name</span>\" => \"<span class=sf-dump-str title=\"18 characters\">Young Entrepeneurs</span>\"
    \"<span class=sf-dump-key>club_value</span>\" => \"<span class=sf-dump-str title=\"18 characters\">young-entrepeneurs</span>\"
    \"<span class=sf-dump-key>icon</span>\" => \"<span class=sf-dump-str title=\"25 characters\">im-icon-Business-ManWoman</span>\"
    \"<span class=sf-dump-key>date</span>\" => \"<span class=sf-dump-str title=\"15 characters\">26th July, 2024</span>\"
  </samp>]
  <span class=sf-dump-index>27</span> => <span class=sf-dump-note>array:5</span> [<samp data-depth=2 class=sf-dump-compact>
    \"<span class=sf-dump-key>id</span>\" => <span class=sf-dump-num>28</span>
    \"<span class=sf-dump-key>club_name</span>\" => \"<span class=sf-dump-str title=\"14 characters\">Arts and Craft</span>\"
    \"<span class=sf-dump-key>club_value</span>\" => \"<span class=sf-dump-str title=\"14 characters\">arts-and-craft</span>\"
    \"<span class=sf-dump-key>icon</span>\" => \"<span class=sf-dump-str title=\"15 characters\">im-icon-Palette</span>\"
    \"<span class=sf-dump-key>date</span>\" => \"<span class=sf-dump-str title=\"15 characters\">26th July, 2024</span>\"
  </samp>]
  <span class=sf-dump-index>28</span> => <span class=sf-dump-note>array:5</span> [<samp data-depth=2 class=sf-dump-compact>
    \"<span class=sf-dump-key>id</span>\" => <span class=sf-dump-num>29</span>
    \"<span class=sf-dump-key>club_name</span>\" => \"<span class=sf-dump-str title=\"17 characters\">Foreign Languages</span>\"
    \"<span class=sf-dump-key>club_value</span>\" => \"<span class=sf-dump-str title=\"17 characters\">foreign-languages</span>\"
    \"<span class=sf-dump-key>icon</span>\" => \"<span class=sf-dump-str title=\"15 characters\">im-icon-Books-2</span>\"
    \"<span class=sf-dump-key>date</span>\" => \"<span class=sf-dump-str title=\"15 characters\">26th July, 2024</span>\"
  </samp>]
  <span class=sf-dump-index>29</span> => <span class=sf-dump-note>array:5</span> [<samp data-depth=2 class=sf-dump-compact>
    \"<span class=sf-dump-key>id</span>\" => <span class=sf-dump-num>30</span>
    \"<span class=sf-dump-key>club_name</span>\" => \"<span class=sf-dump-str title=\"9 characters\">Red Cross</span>\"
    \"<span class=sf-dump-key>club_value</span>\" => \"<span class=sf-dump-str title=\"9 characters\">red-cross</span>\"
    \"<span class=sf-dump-key>icon</span>\" => \"<span class=sf-dump-str title=\"18 characters\">im-icon-Hospital-2</span>\"
    \"<span class=sf-dump-key>date</span>\" => \"<span class=sf-dump-str title=\"15 characters\">26th July, 2024</span>\"
  </samp>]
  <span class=sf-dump-index>30</span> => <span class=sf-dump-note>array:5</span> [<samp data-depth=2 class=sf-dump-compact>
    \"<span class=sf-dump-key>id</span>\" => <span class=sf-dump-num>31</span>
    \"<span class=sf-dump-key>club_name</span>\" => \"<span class=sf-dump-str title=\"11 characters\">Girls Guide</span>\"
    \"<span class=sf-dump-key>club_value</span>\" => \"<span class=sf-dump-str title=\"11 characters\">girls-guide</span>\"
    \"<span class=sf-dump-key>icon</span>\" => \"<span class=sf-dump-str title=\"14 characters\">im-icon-Female</span>\"
    \"<span class=sf-dump-key>date</span>\" => \"<span class=sf-dump-str title=\"15 characters\">26th July, 2024</span>\"
  </samp>]
  <span class=sf-dump-index>31</span> => <span class=sf-dump-note>array:5</span> [<samp data-depth=2 class=sf-dump-compact>
    \"<span class=sf-dump-key>id</span>\" => <span class=sf-dump-num>32</span>
    \"<span class=sf-dump-key>club_name</span>\" => \"<span class=sf-dump-str title=\"10 characters\">Boys Scout</span>\"
    \"<span class=sf-dump-key>club_value</span>\" => \"<span class=sf-dump-str title=\"10 characters\">boys-scout</span>\"
    \"<span class=sf-dump-key>icon</span>\" => \"<span class=sf-dump-str title=\"12 characters\">im-icon-Male</span>\"
    \"<span class=sf-dump-key>date</span>\" => \"<span class=sf-dump-str title=\"15 characters\">26th July, 2024</span>\"
  </samp>]
  <span class=sf-dump-index>32</span> => <span class=sf-dump-note>array:5</span> [<samp data-depth=2 class=sf-dump-compact>
    \"<span class=sf-dump-key>id</span>\" => <span class=sf-dump-num>33</span>
    \"<span class=sf-dump-key>club_name</span>\" => \"<span class=sf-dump-str title=\"10 characters\">Gymnastics</span>\"
    \"<span class=sf-dump-key>club_value</span>\" => \"<span class=sf-dump-str title=\"10 characters\">gymnastics</span>\"
    \"<span class=sf-dump-key>icon</span>\" => \"<span class=sf-dump-str title=\"18 characters\">im-icon-Gymnastics</span>\"
    \"<span class=sf-dump-key>date</span>\" => \"<span class=sf-dump-str title=\"15 characters\">26th July, 2024</span>\"
  </samp>]
  <span class=sf-dump-index>33</span> => <span class=sf-dump-note>array:5</span> [<samp data-depth=2 class=sf-dump-compact>
    \"<span class=sf-dump-key>id</span>\" => <span class=sf-dump-num>34</span>
    \"<span class=sf-dump-key>club_name</span>\" => \"<span class=sf-dump-str title=\"4 characters\">STEM</span>\"
    \"<span class=sf-dump-key>club_value</span>\" => \"<span class=sf-dump-str title=\"4 characters\">stem</span>\"
    \"<span class=sf-dump-key>icon</span>\" => \"<span class=sf-dump-str title=\"15 characters\">im-icon-Formula</span>\"
    \"<span class=sf-dump-key>date</span>\" => \"<span class=sf-dump-str title=\"15 characters\">26th July, 2024</span>\"
  </samp>]
  <span class=sf-dump-index>34</span> => <span class=sf-dump-note>array:5</span> [<samp data-depth=2 class=sf-dump-compact>
    \"<span class=sf-dump-key>id</span>\" => <span class=sf-dump-num>35</span>
    \"<span class=sf-dump-key>club_name</span>\" => \"<span class=sf-dump-str title=\"6 characters\">Sewing</span>\"
    \"<span class=sf-dump-key>club_value</span>\" => \"<span class=sf-dump-str title=\"6 characters\">sewing</span>\"
    \"<span class=sf-dump-key>icon</span>\" => \"<span class=sf-dump-str title=\"22 characters\">im-icon-Sewing-Machine</span>\"
    \"<span class=sf-dump-key>date</span>\" => \"<span class=sf-dump-str title=\"15 characters\">26th July, 2024</span>\"
  </samp>]
  <span class=sf-dump-index>35</span> => <span class=sf-dump-note>array:5</span> [<samp data-depth=2 class=sf-dump-compact>
    \"<span class=sf-dump-key>id</span>\" => <span class=sf-dump-num>36</span>
    \"<span class=sf-dump-key>club_name</span>\" => \"<span class=sf-dump-str title=\"11 characters\">Home Makers</span>\"
    \"<span class=sf-dump-key>club_value</span>\" => \"<span class=sf-dump-str title=\"11 characters\">home-makers</span>\"
    \"<span class=sf-dump-key>icon</span>\" => \"<span class=sf-dump-str title=\"14 characters\">im-icon-Home-2</span>\"
    \"<span class=sf-dump-key>date</span>\" => \"<span class=sf-dump-str title=\"15 characters\">26th July, 2024</span>\"
  </samp>]
  <span class=sf-dump-index>36</span> => <span class=sf-dump-note>array:5</span> [<samp data-depth=2 class=sf-dump-compact>
    \"<span class=sf-dump-key>id</span>\" => <span class=sf-dump-num>37</span>
    \"<span class=sf-dump-key>club_name</span>\" => \"<span class=sf-dump-str title=\"5 characters\">Bible</span>\"
    \"<span class=sf-dump-key>club_value</span>\" => \"<span class=sf-dump-str title=\"5 characters\">bible</span>\"
    \"<span class=sf-dump-key>icon</span>\" => \"<span class=sf-dump-str title=\"12 characters\">im-icon-Book</span>\"
    \"<span class=sf-dump-key>date</span>\" => \"<span class=sf-dump-str title=\"15 characters\">26th July, 2024</span>\"
  </samp>]
</samp>]
</pre><script>Sfdump(\"sf-dump-1190835833\", {\"maxDepth\":3,\"maxStringLength\":160})</script>
","users":"<pre class=sf-dump id=sf-dump-137286828 data-indent-pad=\"  \"><span class=sf-dump-note>array:3</span> [<samp data-depth=1 class=sf-dump-expanded>
  <span class=sf-dump-index>0</span> => <span class=sf-dump-note>array:11</span> [<samp data-depth=2 class=sf-dump-compact>
    \"<span class=sf-dump-key>fname</span>\" => \"<span class=sf-dump-str title=\"11 characters\">Test School</span>\"
    \"<span class=sf-dump-key>lname</span>\" => \"\"
    \"<span class=sf-dump-key>phone</span>\" => \"<span class=sf-dump-str title=\"10 characters\">7054291601</span>\"
    \"<span class=sf-dump-key>email</span>\" => \"<span class=sf-dump-str title=\"23 characters\">kkudayisitobi@gmail.com</span>\"
    \"<span class=sf-dump-key>role</span>\" => \"<span class=sf-dump-str title=\"12 characters\">school_admin</span>\"
    \"<span class=sf-dump-key>avatar</span>\" => \"\"
    \"<span class=sf-dump-key>status</span>\" => \"<span class=sf-dump-str title=\"2 characters\">ok</span>\"
    \"<span class=sf-dump-key>verified</span>\" => \"<span class=sf-dump-str title=\"3 characters\">yes</span>\"
    \"<span class=sf-dump-key>complete_signup</span>\" => \"<span class=sf-dump-str title=\"3 characters\">yes</span>\"
    \"<span class=sf-dump-key>id</span>\" => <span class=sf-dump-num>1</span>
    \"<span class=sf-dump-key>date</span>\" => \"<span class=sf-dump-str title=\"15 characters\">26th July, 2024</span>\"
  </samp>]
  <span class=sf-dump-index>1</span> => <span class=sf-dump-note>array:11</span> [<samp data-depth=2 class=sf-dump-compact>
    \"<span class=sf-dump-key>fname</span>\" => \"<span class=sf-dump-str title=\"4 characters\">Tobi</span>\"
    \"<span class=sf-dump-key>lname</span>\" => \"<span class=sf-dump-str title=\"8 characters\">Kudayisi</span>\"
    \"<span class=sf-dump-key>phone</span>\" => \"<span class=sf-dump-str title=\"11 characters\">08063378465</span>\"
    \"<span class=sf-dump-key>email</span>\" => \"<span class=sf-dump-str title=\"22 characters\">kudayisitobi@gmail.com</span>\"
    \"<span class=sf-dump-key>role</span>\" => \"<span class=sf-dump-str title=\"5 characters\">admin</span>\"
    \"<span class=sf-dump-key>avatar</span>\" => \"\"
    \"<span class=sf-dump-key>status</span>\" => \"<span class=sf-dump-str title=\"2 characters\">ok</span>\"
    \"<span class=sf-dump-key>verified</span>\" => \"<span class=sf-dump-str title=\"3 characters\">yes</span>\"
    \"<span class=sf-dump-key>complete_signup</span>\" => \"<span class=sf-dump-str title=\"3 characters\">yes</span>\"
    \"<span class=sf-dump-key>id</span>\" => <span class=sf-dump-num>2</span>
    \"<span class=sf-dump-key>date</span>\" => \"<span class=sf-dump-str title=\"15 characters\">26th July, 2024</span>\"
  </samp>]
  <span class=sf-dump-index>2</span> => <span class=sf-dump-note>array:11</span> [<samp data-depth=2 class=sf-dump-compact>
    \"<span class=sf-dump-key>fname</span>\" => \"<span class=sf-dump-str title=\"6 characters\">Brenda</span>\"
    \"<span class=sf-dump-key>lname</span>\" => \"<span class=sf-dump-str title=\"6 characters\">Colson</span>\"
    \"<span class=sf-dump-key>phone</span>\" => \"<span class=sf-dump-str title=\"11 characters\">08063378465</span>\"
    \"<span class=sf-dump-key>email</span>\" => \"<span class=sf-dump-str title=\"27 characters\">uwantbrendacolson@gmail.com</span>\"
    \"<span class=sf-dump-key>role</span>\" => \"<span class=sf-dump-str title=\"4 characters\">user</span>\"
    \"<span class=sf-dump-key>avatar</span>\" => \"\"
    \"<span class=sf-dump-key>status</span>\" => \"<span class=sf-dump-str title=\"2 characters\">ok</span>\"
    \"<span class=sf-dump-key>verified</span>\" => \"<span class=sf-dump-str title=\"3 characters\">yes</span>\"
    \"<span class=sf-dump-key>complete_signup</span>\" => \"<span class=sf-dump-str title=\"3 characters\">yes</span>\"
    \"<span class=sf-dump-key>id</span>\" => <span class=sf-dump-num>3</span>
    \"<span class=sf-dump-key>date</span>\" => \"<span class=sf-dump-str title=\"16 characters\">1st August, 2024</span>\"
  </samp>]
</samp>]
</pre><script>Sfdump(\"sf-dump-137286828\", {\"maxDepth\":3,\"maxStringLength\":160})</script>
","dashboardStats":"<pre class=sf-dump id=sf-dump-414246547 data-indent-pad=\"  \"><span class=sf-dump-note>array:2</span> [<samp data-depth=1 class=sf-dump-expanded>
  \"<span class=sf-dump-key>schools</span>\" => <span class=sf-dump-num>1</span>
  \"<span class=sf-dump-key>admissions</span>\" => <span class=sf-dump-num>1</span>
</samp>]
</pre><script>Sfdump(\"sf-dump-414246547\", {\"maxDepth\":3,\"maxStringLength\":160})</script>
","ac":"<pre class=sf-dump id=sf-dump-2072859105 data-indent-pad=\"  \">\"<span class=sf-dump-str title=\"9 characters\">dashboard</span>\"
</pre><script>Sfdump(\"sf-dump-2072859105\", {\"maxDepth\":3,\"maxStringLength\":160})</script>
","useAdminSidebar":"<pre class=sf-dump id=sf-dump-1693368318 data-indent-pad=\"  \"><span class=sf-dump-const>true</span>
</pre><script>Sfdump(\"sf-dump-1693368318\", {\"maxDepth\":3,\"maxStringLength\":160})</script>
"}},"userId":2,"exception":"[object] (Spatie\\LaravelIgnition\\Exceptions\\ViewException(code: 0): Undefined array key \"applications\" at /Users/tobikudayisi/repos/admissionboox/resources/views/components/admin-dashboard-stats.blade.php:4)
[stacktrace]
#0 /Users/tobikudayisi/repos/admissionboox/vendor/laravel/framework/src/Illuminate/Filesystem/Filesystem.php(123): require('/Users/tobikuda...')
#1 /Users/tobikudayisi/repos/admissionboox/vendor/laravel/framework/src/Illuminate/Filesystem/Filesystem.php(124): Illuminate\\Filesystem\\Filesystem::Illuminate\\Filesystem\\{closure}()
#2 /Users/tobikudayisi/repos/admissionboox/vendor/laravel/framework/src/Illuminate/View/Engines/PhpEngine.php(58): Illuminate\\Filesystem\\Filesystem->getRequire('/Users/tobikuda...', Array)
#3 /Users/tobikudayisi/repos/admissionboox/vendor/laravel/framework/src/Illuminate/View/Engines/CompilerEngine.php(72): Illuminate\\View\\Engines\\PhpEngine->evaluatePath('/Users/tobikuda...', Array)
#4 /Users/tobikudayisi/repos/admissionboox/vendor/laravel/framework/src/Illuminate/View/View.php(207): Illuminate\\View\\Engines\\CompilerEngine->get('/Users/tobikuda...', Array)
#5 /Users/tobikudayisi/repos/admissionboox/vendor/laravel/framework/src/Illuminate/View/View.php(190): Illuminate\\View\\View->getContents()
#6 /Users/tobikudayisi/repos/admissionboox/vendor/laravel/framework/src/Illuminate/View/View.php(159): Illuminate\\View\\View->renderContents()
#7 /Users/tobikudayisi/repos/admissionboox/resources/views/admin-dashboard.blade.php(102): Illuminate\\View\\View->render()
#8 /Users/tobikudayisi/repos/admissionboox/vendor/laravel/framework/src/Illuminate/Filesystem/Filesystem.php(123): require('/Users/tobikuda...')
#9 /Users/tobikudayisi/repos/admissionboox/vendor/laravel/framework/src/Illuminate/Filesystem/Filesystem.php(124): Illuminate\\Filesystem\\Filesystem::Illuminate\\Filesystem\\{closure}()
#10 /Users/tobikudayisi/repos/admissionboox/vendor/laravel/framework/src/Illuminate/View/Engines/PhpEngine.php(58): Illuminate\\Filesystem\\Filesystem->getRequire('/Users/tobikuda...', Array)
#11 /Users/tobikudayisi/repos/admissionboox/vendor/laravel/framework/src/Illuminate/View/Engines/CompilerEngine.php(72): Illuminate\\View\\Engines\\PhpEngine->evaluatePath('/Users/tobikuda...', Array)
#12 /Users/tobikudayisi/repos/admissionboox/vendor/laravel/framework/src/Illuminate/View/View.php(207): Illuminate\\View\\Engines\\CompilerEngine->get('/Users/tobikuda...', Array)
#13 /Users/tobikudayisi/repos/admissionboox/vendor/laravel/framework/src/Illuminate/View/View.php(190): Illuminate\\View\\View->getContents()
#14 /Users/tobikudayisi/repos/admissionboox/vendor/laravel/framework/src/Illuminate/View/View.php(159): Illuminate\\View\\View->renderContents()
#15 /Users/tobikudayisi/repos/admissionboox/vendor/laravel/framework/src/Illuminate/Http/Response.php(69): Illuminate\\View\\View->render()
#16 /Users/tobikudayisi/repos/admissionboox/vendor/laravel/framework/src/Illuminate/Http/Response.php(35): Illuminate\\Http\\Response->setContent(Object(Illuminate\\View\\View))
#17 /Users/tobikudayisi/repos/admissionboox/vendor/laravel/framework/src/Illuminate/Routing/Router.php(918): Illuminate\\Http\\Response->__construct(Object(Illuminate\\View\\View), 200, Array)
#18 /Users/tobikudayisi/repos/admissionboox/vendor/laravel/framework/src/Illuminate/Routing/Router.php(885): Illuminate\\Routing\\Router::toResponse(Object(Illuminate\\Http\\Request), Object(Illuminate\\View\\View))
#19 /Users/tobikudayisi/repos/admissionboox/vendor/laravel/framework/src/Illuminate/Routing/Router.php(805): Illuminate\\Routing\\Router->prepareResponse(Object(Illuminate\\Http\\Request), Object(Illuminate\\View\\View))
#20 /Users/tobikudayisi/repos/admissionboox/vendor/laravel/framework/src/Illuminate/Pipeline/Pipeline.php(144): Illuminate\\Routing\\Router->Illuminate\\Routing\\{closure}(Object(Illuminate\\Http\\Request))
#21 /Users/tobikudayisi/repos/admissionboox/vendor/laravel/framework/src/Illuminate/Routing/Middleware/SubstituteBindings.php(50): Illuminate\\Pipeline\\Pipeline->Illuminate\\Pipeline\\{closure}(Object(Illuminate\\Http\\Request))
#22 /Users/tobikudayisi/repos/admissionboox/vendor/laravel/framework/src/Illuminate/Pipeline/Pipeline.php(183): Illuminate\\Routing\\Middleware\\SubstituteBindings->handle(Object(Illuminate\\Http\\Request), Object(Closure))
#23 /Users/tobikudayisi/repos/admissionboox/vendor/laravel/framework/src/Illuminate/Foundation/Http/Middleware/VerifyCsrfToken.php(78): Illuminate\\Pipeline\\Pipeline->Illuminate\\Pipeline\\{closure}(Object(Illuminate\\Http\\Request))
#24 /Users/tobikudayisi/repos/admissionboox/vendor/laravel/framework/src/Illuminate/Pipeline/Pipeline.php(183): Illuminate\\Foundation\\Http\\Middleware\\VerifyCsrfToken->handle(Object(Illuminate\\Http\\Request), Object(Closure))
#25 /Users/tobikudayisi/repos/admissionboox/vendor/laravel/framework/src/Illuminate/View/Middleware/ShareErrorsFromSession.php(49): Illuminate\\Pipeline\\Pipeline->Illuminate\\Pipeline\\{closure}(Object(Illuminate\\Http\\Request))
#26 /Users/tobikudayisi/repos/admissionboox/vendor/laravel/framework/src/Illuminate/Pipeline/Pipeline.php(183): Illuminate\\View\\Middleware\\ShareErrorsFromSession->handle(Object(Illuminate\\Http\\Request), Object(Closure))
#27 /Users/tobikudayisi/repos/admissionboox/vendor/laravel/framework/src/Illuminate/Session/Middleware/StartSession.php(121): Illuminate\\Pipeline\\Pipeline->Illuminate\\Pipeline\\{closure}(Object(Illuminate\\Http\\Request))
#28 /Users/tobikudayisi/repos/admissionboox/vendor/laravel/framework/src/Illuminate/Session/Middleware/StartSession.php(64): Illuminate\\Session\\Middleware\\StartSession->handleStatefulRequest(Object(Illuminate\\Http\\Request), Object(Illuminate\\Session\\Store), Object(Closure))
#29 /Users/tobikudayisi/repos/admissionboox/vendor/laravel/framework/src/Illuminate/Pipeline/Pipeline.php(183): Illuminate\\Session\\Middleware\\StartSession->handle(Object(Illuminate\\Http\\Request), Object(Closure))
#30 /Users/tobikudayisi/repos/admissionboox/vendor/laravel/framework/src/Illuminate/Cookie/Middleware/AddQueuedCookiesToResponse.php(37): Illuminate\\Pipeline\\Pipeline->Illuminate\\Pipeline\\{closure}(Object(Illuminate\\Http\\Request))
#31 /Users/tobikudayisi/repos/admissionboox/vendor/laravel/framework/src/Illuminate/Pipeline/Pipeline.php(183): Illuminate\\Cookie\\Middleware\\AddQueuedCookiesToResponse->handle(Object(Illuminate\\Http\\Request), Object(Closure))
#32 /Users/tobikudayisi/repos/admissionboox/vendor/laravel/framework/src/Illuminate/Cookie/Middleware/EncryptCookies.php(67): Illuminate\\Pipeline\\Pipeline->Illuminate\\Pipeline\\{closure}(Object(Illuminate\\Http\\Request))
#33 /Users/tobikudayisi/repos/admissionboox/vendor/laravel/framework/src/Illuminate/Pipeline/Pipeline.php(183): Illuminate\\Cookie\\Middleware\\EncryptCookies->handle(Object(Illuminate\\Http\\Request), Object(Closure))
#34 /Users/tobikudayisi/repos/admissionboox/vendor/laravel/framework/src/Illuminate/Pipeline/Pipeline.php(119): Illuminate\\Pipeline\\Pipeline->Illuminate\\Pipeline\\{closure}(Object(Illuminate\\Http\\Request))
#35 /Users/tobikudayisi/repos/admissionboox/vendor/laravel/framework/src/Illuminate/Routing/Router.php(805): Illuminate\\Pipeline\\Pipeline->then(Object(Closure))
#36 /Users/tobikudayisi/repos/admissionboox/vendor/laravel/framework/src/Illuminate/Routing/Router.php(784): Illuminate\\Routing\\Router->runRouteWithinStack(Object(Illuminate\\Routing\\Route), Object(Illuminate\\Http\\Request))
#37 /Users/tobikudayisi/repos/admissionboox/vendor/laravel/framework/src/Illuminate/Routing/Router.php(748): Illuminate\\Routing\\Router->runRoute(Object(Illuminate\\Http\\Request), Object(Illuminate\\Routing\\Route))
#38 /Users/tobikudayisi/repos/admissionboox/vendor/laravel/framework/src/Illuminate/Routing/Router.php(737): Illuminate\\Routing\\Router->dispatchToRoute(Object(Illuminate\\Http\\Request))
#39 /Users/tobikudayisi/repos/admissionboox/vendor/laravel/framework/src/Illuminate/Foundation/Http/Kernel.php(200): Illuminate\\Routing\\Router->dispatch(Object(Illuminate\\Http\\Request))
#40 /Users/tobikudayisi/repos/admissionboox/vendor/laravel/framework/src/Illuminate/Pipeline/Pipeline.php(144): Illuminate\\Foundation\\Http\\Kernel->Illuminate\\Foundation\\Http\\{closure}(Object(Illuminate\\Http\\Request))
#41 /Users/tobikudayisi/repos/admissionboox/vendor/laravel/framework/src/Illuminate/Cookie/Middleware/EncryptCookies.php(67): Illuminate\\Pipeline\\Pipeline->Illuminate\\Pipeline\\{closure}(Object(Illuminate\\Http\\Request))
#42 /Users/tobikudayisi/repos/admissionboox/vendor/laravel/framework/src/Illuminate/Pipeline/Pipeline.php(183): Illuminate\\Cookie\\Middleware\\EncryptCookies->handle(Object(Illuminate\\Http\\Request), Object(Closure))
#43 /Users/tobikudayisi/repos/admissionboox/vendor/laravel/framework/src/Illuminate/View/Middleware/ShareErrorsFromSession.php(49): Illuminate\\Pipeline\\Pipeline->Illuminate\\Pipeline\\{closure}(Object(Illuminate\\Http\\Request))
#44 /Users/tobikudayisi/repos/admissionboox/vendor/laravel/framework/src/Illuminate/Pipeline/Pipeline.php(183): Illuminate\\View\\Middleware\\ShareErrorsFromSession->handle(Object(Illuminate\\Http\\Request), Object(Closure))
#45 /Users/tobikudayisi/repos/admissionboox/vendor/laravel/framework/src/Illuminate/Session/Middleware/StartSession.php(121): Illuminate\\Pipeline\\Pipeline->Illuminate\\Pipeline\\{closure}(Object(Illuminate\\Http\\Request))
#46 /Users/tobikudayisi/repos/admissionboox/vendor/laravel/framework/src/Illuminate/Session/Middleware/StartSession.php(64): Illuminate\\Session\\Middleware\\StartSession->handleStatefulRequest(Object(Illuminate\\Http\\Request), Object(Illuminate\\Session\\Store), Object(Closure))
#47 /Users/tobikudayisi/repos/admissionboox/vendor/laravel/framework/src/Illuminate/Pipeline/Pipeline.php(183): Illuminate\\Session\\Middleware\\StartSession->handle(Object(Illuminate\\Http\\Request), Object(Closure))
#48 /Users/tobikudayisi/repos/admissionboox/vendor/laravel/framework/src/Illuminate/Foundation/Http/Middleware/TransformsRequest.php(21): Illuminate\\Pipeline\\Pipeline->Illuminate\\Pipeline\\{closure}(Object(Illuminate\\Http\\Request))
#49 /Users/tobikudayisi/repos/admissionboox/vendor/laravel/framework/src/Illuminate/Foundation/Http/Middleware/ConvertEmptyStringsToNull.php(31): Illuminate\\Foundation\\Http\\Middleware\\TransformsRequest->handle(Object(Illuminate\\Http\\Request), Object(Closure))
#50 /Users/tobikudayisi/repos/admissionboox/vendor/laravel/framework/src/Illuminate/Pipeline/Pipeline.php(183): Illuminate\\Foundation\\Http\\Middleware\\ConvertEmptyStringsToNull->handle(Object(Illuminate\\Http\\Request), Object(Closure))
#51 /Users/tobikudayisi/repos/admissionboox/vendor/laravel/framework/src/Illuminate/Foundation/Http/Middleware/TransformsRequest.php(21): Illuminate\\Pipeline\\Pipeline->Illuminate\\Pipeline\\{closure}(Object(Illuminate\\Http\\Request))
#52 /Users/tobikudayisi/repos/admissionboox/vendor/laravel/framework/src/Illuminate/Foundation/Http/Middleware/TrimStrings.php(40): Illuminate\\Foundation\\Http\\Middleware\\TransformsRequest->handle(Object(Illuminate\\Http\\Request), Object(Closure))
#53 /Users/tobikudayisi/repos/admissionboox/vendor/laravel/framework/src/Illuminate/Pipeline/Pipeline.php(183): Illuminate\\Foundation\\Http\\Middleware\\TrimStrings->handle(Object(Illuminate\\Http\\Request), Object(Closure))
#54 /Users/tobikudayisi/repos/admissionboox/vendor/laravel/framework/src/Illuminate/Foundation/Http/Middleware/ValidatePostSize.php(27): Illuminate\\Pipeline\\Pipeline->Illuminate\\Pipeline\\{closure}(Object(Illuminate\\Http\\Request))
#55 /Users/tobikudayisi/repos/admissionboox/vendor/laravel/framework/src/Illuminate/Pipeline/Pipeline.php(183): Illuminate\\Foundation\\Http\\Middleware\\ValidatePostSize->handle(Object(Illuminate\\Http\\Request), Object(Closure))
#56 /Users/tobikudayisi/repos/admissionboox/vendor/laravel/framework/src/Illuminate/Foundation/Http/Middleware/PreventRequestsDuringMaintenance.php(99): Illuminate\\Pipeline\\Pipeline->Illuminate\\Pipeline\\{closure}(Object(Illuminate\\Http\\Request))
#57 /Users/tobikudayisi/repos/admissionboox/vendor/laravel/framework/src/Illuminate/Pipeline/Pipeline.php(183): Illuminate\\Foundation\\Http\\Middleware\\PreventRequestsDuringMaintenance->handle(Object(Illuminate\\Http\\Request), Object(Closure))
#58 /Users/tobikudayisi/repos/admissionboox/vendor/laravel/framework/src/Illuminate/Http/Middleware/HandleCors.php(49): Illuminate\\Pipeline\\Pipeline->Illuminate\\Pipeline\\{closure}(Object(Illuminate\\Http\\Request))
#59 /Users/tobikudayisi/repos/admissionboox/vendor/laravel/framework/src/Illuminate/Pipeline/Pipeline.php(183): Illuminate\\Http\\Middleware\\HandleCors->handle(Object(Illuminate\\Http\\Request), Object(Closure))
#60 /Users/tobikudayisi/repos/admissionboox/vendor/laravel/framework/src/Illuminate/Http/Middleware/TrustProxies.php(39): Illuminate\\Pipeline\\Pipeline->Illuminate\\Pipeline\\{closure}(Object(Illuminate\\Http\\Request))
#61 /Users/tobikudayisi/repos/admissionboox/vendor/laravel/framework/src/Illuminate/Pipeline/Pipeline.php(183): Illuminate\\Http\\Middleware\\TrustProxies->handle(Object(Illuminate\\Http\\Request), Object(Closure))
#62 /Users/tobikudayisi/repos/admissionboox/vendor/laravel/framework/src/Illuminate/Pipeline/Pipeline.php(119): Illuminate\\Pipeline\\Pipeline->Illuminate\\Pipeline\\{closure}(Object(Illuminate\\Http\\Request))
#63 /Users/tobikudayisi/repos/admissionboox/vendor/laravel/framework/src/Illuminate/Foundation/Http/Kernel.php(175): Illuminate\\Pipeline\\Pipeline->then(Object(Closure))
#64 /Users/tobikudayisi/repos/admissionboox/vendor/laravel/framework/src/Illuminate/Foundation/Http/Kernel.php(144): Illuminate\\Foundation\\Http\\Kernel->sendRequestThroughRouter(Object(Illuminate\\Http\\Request))
#65 /Users/tobikudayisi/repos/admissionboox/public/index.php(51): Illuminate\\Foundation\\Http\\Kernel->handle(Object(Illuminate\\Http\\Request))
#66 /Users/tobikudayisi/repos/admissionboox/vendor/laravel/framework/src/Illuminate/Foundation/resources/server.php(16): require_once('/Users/tobikuda...')
#67 {main}

[previous exception] [object] (ErrorException(code: 0): Undefined array key \"applications\" at /Users/tobikudayisi/repos/admissionboox/storage/framework/views/607bf43ebf278bc9a95e83f25239b57c.php:4)
[stacktrace]
#0 /Users/tobikudayisi/repos/admissionboox/vendor/laravel/framework/src/Illuminate/Foundation/Bootstrap/HandleExceptions.php(255): Illuminate\\Foundation\\Bootstrap\\HandleExceptions->handleError(2, 'Undefined array...', '/Users/tobikuda...', 4)
#1 /Users/tobikudayisi/repos/admissionboox/storage/framework/views/607bf43ebf278bc9a95e83f25239b57c.php(4): Illuminate\\Foundation\\Bootstrap\\HandleExceptions->Illuminate\\Foundation\\Bootstrap\\{closure}(2, 'Undefined array...', '/Users/tobikuda...', 4)
#2 /Users/tobikudayisi/repos/admissionboox/vendor/laravel/framework/src/Illuminate/Filesystem/Filesystem.php(123): require('/Users/tobikuda...')
#3 /Users/tobikudayisi/repos/admissionboox/vendor/laravel/framework/src/Illuminate/Filesystem/Filesystem.php(124): Illuminate\\Filesystem\\Filesystem::Illuminate\\Filesystem\\{closure}()
#4 /Users/tobikudayisi/repos/admissionboox/vendor/laravel/framework/src/Illuminate/View/Engines/PhpEngine.php(58): Illuminate\\Filesystem\\Filesystem->getRequire('/Users/tobikuda...', Array)
#5 /Users/tobikudayisi/repos/admissionboox/vendor/laravel/framework/src/Illuminate/View/Engines/CompilerEngine.php(72): Illuminate\\View\\Engines\\PhpEngine->evaluatePath('/Users/tobikuda...', Array)
#6 /Users/tobikudayisi/repos/admissionboox/vendor/laravel/framework/src/Illuminate/View/View.php(207): Illuminate\\View\\Engines\\CompilerEngine->get('/Users/tobikuda...', Array)
#7 /Users/tobikudayisi/repos/admissionboox/vendor/laravel/framework/src/Illuminate/View/View.php(190): Illuminate\\View\\View->getContents()
#8 /Users/tobikudayisi/repos/admissionboox/vendor/laravel/framework/src/Illuminate/View/View.php(159): Illuminate\\View\\View->renderContents()
#9 /Users/tobikudayisi/repos/admissionboox/storage/framework/views/9bb24a33cacfce37c254f057baa2e423.php(102): Illuminate\\View\\View->render()
#10 /Users/tobikudayisi/repos/admissionboox/vendor/laravel/framework/src/Illuminate/Filesystem/Filesystem.php(123): require('/Users/tobikuda...')
#11 /Users/tobikudayisi/repos/admissionboox/vendor/laravel/framework/src/Illuminate/Filesystem/Filesystem.php(124): Illuminate\\Filesystem\\Filesystem::Illuminate\\Filesystem\\{closure}()
#12 /Users/tobikudayisi/repos/admissionboox/vendor/laravel/framework/src/Illuminate/View/Engines/PhpEngine.php(58): Illuminate\\Filesystem\\Filesystem->getRequire('/Users/tobikuda...', Array)
#13 /Users/tobikudayisi/repos/admissionboox/vendor/laravel/framework/src/Illuminate/View/Engines/CompilerEngine.php(72): Illuminate\\View\\Engines\\PhpEngine->evaluatePath('/Users/tobikuda...', Array)
#14 /Users/tobikudayisi/repos/admissionboox/vendor/laravel/framework/src/Illuminate/View/View.php(207): Illuminate\\View\\Engines\\CompilerEngine->get('/Users/tobikuda...', Array)
#15 /Users/tobikudayisi/repos/admissionboox/vendor/laravel/framework/src/Illuminate/View/View.php(190): Illuminate\\View\\View->getContents()
#16 /Users/tobikudayisi/repos/admissionboox/vendor/laravel/framework/src/Illuminate/View/View.php(159): Illuminate\\View\\View->renderContents()
#17 /Users/tobikudayisi/repos/admissionboox/vendor/laravel/framework/src/Illuminate/Http/Response.php(69): Illuminate\\View\\View->render()
#18 /Users/tobikudayisi/repos/admissionboox/vendor/laravel/framework/src/Illuminate/Http/Response.php(35): Illuminate\\Http\\Response->setContent(Object(Illuminate\\View\\View))
#19 /Users/tobikudayisi/repos/admissionboox/vendor/laravel/framework/src/Illuminate/Routing/Router.php(918): Illuminate\\Http\\Response->__construct(Object(Illuminate\\View\\View), 200, Array)
#20 /Users/tobikudayisi/repos/admissionboox/vendor/laravel/framework/src/Illuminate/Routing/Router.php(885): Illuminate\\Routing\\Router::toResponse(Object(Illuminate\\Http\\Request), Object(Illuminate\\View\\View))
#21 /Users/tobikudayisi/repos/admissionboox/vendor/laravel/framework/src/Illuminate/Routing/Router.php(805): Illuminate\\Routing\\Router->prepareResponse(Object(Illuminate\\Http\\Request), Object(Illuminate\\View\\View))
#22 /Users/tobikudayisi/repos/admissionboox/vendor/laravel/framework/src/Illuminate/Pipeline/Pipeline.php(144): Illuminate\\Routing\\Router->Illuminate\\Routing\\{closure}(Object(Illuminate\\Http\\Request))
#23 /Users/tobikudayisi/repos/admissionboox/vendor/laravel/framework/src/Illuminate/Routing/Middleware/SubstituteBindings.php(50): Illuminate\\Pipeline\\Pipeline->Illuminate\\Pipeline\\{closure}(Object(Illuminate\\Http\\Request))
#24 /Users/tobikudayisi/repos/admissionboox/vendor/laravel/framework/src/Illuminate/Pipeline/Pipeline.php(183): Illuminate\\Routing\\Middleware\\SubstituteBindings->handle(Object(Illuminate\\Http\\Request), Object(Closure))
#25 /Users/tobikudayisi/repos/admissionboox/vendor/laravel/framework/src/Illuminate/Foundation/Http/Middleware/VerifyCsrfToken.php(78): Illuminate\\Pipeline\\Pipeline->Illuminate\\Pipeline\\{closure}(Object(Illuminate\\Http\\Request))
#26 /Users/tobikudayisi/repos/admissionboox/vendor/laravel/framework/src/Illuminate/Pipeline/Pipeline.php(183): Illuminate\\Foundation\\Http\\Middleware\\VerifyCsrfToken->handle(Object(Illuminate\\Http\\Request), Object(Closure))
#27 /Users/tobikudayisi/repos/admissionboox/vendor/laravel/framework/src/Illuminate/View/Middleware/ShareErrorsFromSession.php(49): Illuminate\\Pipeline\\Pipeline->Illuminate\\Pipeline\\{closure}(Object(Illuminate\\Http\\Request))
#28 /Users/tobikudayisi/repos/admissionboox/vendor/laravel/framework/src/Illuminate/Pipeline/Pipeline.php(183): Illuminate\\View\\Middleware\\ShareErrorsFromSession->handle(Object(Illuminate\\Http\\Request), Object(Closure))
#29 /Users/tobikudayisi/repos/admissionboox/vendor/laravel/framework/src/Illuminate/Session/Middleware/StartSession.php(121): Illuminate\\Pipeline\\Pipeline->Illuminate\\Pipeline\\{closure}(Object(Illuminate\\Http\\Request))
#30 /Users/tobikudayisi/repos/admissionboox/vendor/laravel/framework/src/Illuminate/Session/Middleware/StartSession.php(64): Illuminate\\Session\\Middleware\\StartSession->handleStatefulRequest(Object(Illuminate\\Http\\Request), Object(Illuminate\\Session\\Store), Object(Closure))
#31 /Users/tobikudayisi/repos/admissionboox/vendor/laravel/framework/src/Illuminate/Pipeline/Pipeline.php(183): Illuminate\\Session\\Middleware\\StartSession->handle(Object(Illuminate\\Http\\Request), Object(Closure))
#32 /Users/tobikudayisi/repos/admissionboox/vendor/laravel/framework/src/Illuminate/Cookie/Middleware/AddQueuedCookiesToResponse.php(37): Illuminate\\Pipeline\\Pipeline->Illuminate\\Pipeline\\{closure}(Object(Illuminate\\Http\\Request))
#33 /Users/tobikudayisi/repos/admissionboox/vendor/laravel/framework/src/Illuminate/Pipeline/Pipeline.php(183): Illuminate\\Cookie\\Middleware\\AddQueuedCookiesToResponse->handle(Object(Illuminate\\Http\\Request), Object(Closure))
#34 /Users/tobikudayisi/repos/admissionboox/vendor/laravel/framework/src/Illuminate/Cookie/Middleware/EncryptCookies.php(67): Illuminate\\Pipeline\\Pipeline->Illuminate\\Pipeline\\{closure}(Object(Illuminate\\Http\\Request))
#35 /Users/tobikudayisi/repos/admissionboox/vendor/laravel/framework/src/Illuminate/Pipeline/Pipeline.php(183): Illuminate\\Cookie\\Middleware\\EncryptCookies->handle(Object(Illuminate\\Http\\Request), Object(Closure))
#36 /Users/tobikudayisi/repos/admissionboox/vendor/laravel/framework/src/Illuminate/Pipeline/Pipeline.php(119): Illuminate\\Pipeline\\Pipeline->Illuminate\\Pipeline\\{closure}(Object(Illuminate\\Http\\Request))
#37 /Users/tobikudayisi/repos/admissionboox/vendor/laravel/framework/src/Illuminate/Routing/Router.php(805): Illuminate\\Pipeline\\Pipeline->then(Object(Closure))
#38 /Users/tobikudayisi/repos/admissionboox/vendor/laravel/framework/src/Illuminate/Routing/Router.php(784): Illuminate\\Routing\\Router->runRouteWithinStack(Object(Illuminate\\Routing\\Route), Object(Illuminate\\Http\\Request))
#39 /Users/tobikudayisi/repos/admissionboox/vendor/laravel/framework/src/Illuminate/Routing/Router.php(748): Illuminate\\Routing\\Router->runRoute(Object(Illuminate\\Http\\Request), Object(Illuminate\\Routing\\Route))
#40 /Users/tobikudayisi/repos/admissionboox/vendor/laravel/framework/src/Illuminate/Routing/Router.php(737): Illuminate\\Routing\\Router->dispatchToRoute(Object(Illuminate\\Http\\Request))
#41 /Users/tobikudayisi/repos/admissionboox/vendor/laravel/framework/src/Illuminate/Foundation/Http/Kernel.php(200): Illuminate\\Routing\\Router->dispatch(Object(Illuminate\\Http\\Request))
#42 /Users/tobikudayisi/repos/admissionboox/vendor/laravel/framework/src/Illuminate/Pipeline/Pipeline.php(144): Illuminate\\Foundation\\Http\\Kernel->Illuminate\\Foundation\\Http\\{closure}(Object(Illuminate\\Http\\Request))
#43 /Users/tobikudayisi/repos/admissionboox/vendor/laravel/framework/src/Illuminate/Cookie/Middleware/EncryptCookies.php(67): Illuminate\\Pipeline\\Pipeline->Illuminate\\Pipeline\\{closure}(Object(Illuminate\\Http\\Request))
#44 /Users/tobikudayisi/repos/admissionboox/vendor/laravel/framework/src/Illuminate/Pipeline/Pipeline.php(183): Illuminate\\Cookie\\Middleware\\EncryptCookies->handle(Object(Illuminate\\Http\\Request), Object(Closure))
#45 /Users/tobikudayisi/repos/admissionboox/vendor/laravel/framework/src/Illuminate/View/Middleware/ShareErrorsFromSession.php(49): Illuminate\\Pipeline\\Pipeline->Illuminate\\Pipeline\\{closure}(Object(Illuminate\\Http\\Request))
#46 /Users/tobikudayisi/repos/admissionboox/vendor/laravel/framework/src/Illuminate/Pipeline/Pipeline.php(183): Illuminate\\View\\Middleware\\ShareErrorsFromSession->handle(Object(Illuminate\\Http\\Request), Object(Closure))
#47 /Users/tobikudayisi/repos/admissionboox/vendor/laravel/framework/src/Illuminate/Session/Middleware/StartSession.php(121): Illuminate\\Pipeline\\Pipeline->Illuminate\\Pipeline\\{closure}(Object(Illuminate\\Http\\Request))
#48 /Users/tobikudayisi/repos/admissionboox/vendor/laravel/framework/src/Illuminate/Session/Middleware/StartSession.php(64): Illuminate\\Session\\Middleware\\StartSession->handleStatefulRequest(Object(Illuminate\\Http\\Request), Object(Illuminate\\Session\\Store), Object(Closure))
#49 /Users/tobikudayisi/repos/admissionboox/vendor/laravel/framework/src/Illuminate/Pipeline/Pipeline.php(183): Illuminate\\Session\\Middleware\\StartSession->handle(Object(Illuminate\\Http\\Request), Object(Closure))
#50 /Users/tobikudayisi/repos/admissionboox/vendor/laravel/framework/src/Illuminate/Foundation/Http/Middleware/TransformsRequest.php(21): Illuminate\\Pipeline\\Pipeline->Illuminate\\Pipeline\\{closure}(Object(Illuminate\\Http\\Request))
#51 /Users/tobikudayisi/repos/admissionboox/vendor/laravel/framework/src/Illuminate/Foundation/Http/Middleware/ConvertEmptyStringsToNull.php(31): Illuminate\\Foundation\\Http\\Middleware\\TransformsRequest->handle(Object(Illuminate\\Http\\Request), Object(Closure))
#52 /Users/tobikudayisi/repos/admissionboox/vendor/laravel/framework/src/Illuminate/Pipeline/Pipeline.php(183): Illuminate\\Foundation\\Http\\Middleware\\ConvertEmptyStringsToNull->handle(Object(Illuminate\\Http\\Request), Object(Closure))
#53 /Users/tobikudayisi/repos/admissionboox/vendor/laravel/framework/src/Illuminate/Foundation/Http/Middleware/TransformsRequest.php(21): Illuminate\\Pipeline\\Pipeline->Illuminate\\Pipeline\\{closure}(Object(Illuminate\\Http\\Request))
#54 /Users/tobikudayisi/repos/admissionboox/vendor/laravel/framework/src/Illuminate/Foundation/Http/Middleware/TrimStrings.php(40): Illuminate\\Foundation\\Http\\Middleware\\TransformsRequest->handle(Object(Illuminate\\Http\\Request), Object(Closure))
#55 /Users/tobikudayisi/repos/admissionboox/vendor/laravel/framework/src/Illuminate/Pipeline/Pipeline.php(183): Illuminate\\Foundation\\Http\\Middleware\\TrimStrings->handle(Object(Illuminate\\Http\\Request), Object(Closure))
#56 /Users/tobikudayisi/repos/admissionboox/vendor/laravel/framework/src/Illuminate/Foundation/Http/Middleware/ValidatePostSize.php(27): Illuminate\\Pipeline\\Pipeline->Illuminate\\Pipeline\\{closure}(Object(Illuminate\\Http\\Request))
#57 /Users/tobikudayisi/repos/admissionboox/vendor/laravel/framework/src/Illuminate/Pipeline/Pipeline.php(183): Illuminate\\Foundation\\Http\\Middleware\\ValidatePostSize->handle(Object(Illuminate\\Http\\Request), Object(Closure))
#58 /Users/tobikudayisi/repos/admissionboox/vendor/laravel/framework/src/Illuminate/Foundation/Http/Middleware/PreventRequestsDuringMaintenance.php(99): Illuminate\\Pipeline\\Pipeline->Illuminate\\Pipeline\\{closure}(Object(Illuminate\\Http\\Request))
#59 /Users/tobikudayisi/repos/admissionboox/vendor/laravel/framework/src/Illuminate/Pipeline/Pipeline.php(183): Illuminate\\Foundation\\Http\\Middleware\\PreventRequestsDuringMaintenance->handle(Object(Illuminate\\Http\\Request), Object(Closure))
#60 /Users/tobikudayisi/repos/admissionboox/vendor/laravel/framework/src/Illuminate/Http/Middleware/HandleCors.php(49): Illuminate\\Pipeline\\Pipeline->Illuminate\\Pipeline\\{closure}(Object(Illuminate\\Http\\Request))
#61 /Users/tobikudayisi/repos/admissionboox/vendor/laravel/framework/src/Illuminate/Pipeline/Pipeline.php(183): Illuminate\\Http\\Middleware\\HandleCors->handle(Object(Illuminate\\Http\\Request), Object(Closure))
#62 /Users/tobikudayisi/repos/admissionboox/vendor/laravel/framework/src/Illuminate/Http/Middleware/TrustProxies.php(39): Illuminate\\Pipeline\\Pipeline->Illuminate\\Pipeline\\{closure}(Object(Illuminate\\Http\\Request))
#63 /Users/tobikudayisi/repos/admissionboox/vendor/laravel/framework/src/Illuminate/Pipeline/Pipeline.php(183): Illuminate\\Http\\Middleware\\TrustProxies->handle(Object(Illuminate\\Http\\Request), Object(Closure))
#64 /Users/tobikudayisi/repos/admissionboox/vendor/laravel/framework/src/Illuminate/Pipeline/Pipeline.php(119): Illuminate\\Pipeline\\Pipeline->Illuminate\\Pipeline\\{closure}(Object(Illuminate\\Http\\Request))
#65 /Users/tobikudayisi/repos/admissionboox/vendor/laravel/framework/src/Illuminate/Foundation/Http/Kernel.php(175): Illuminate\\Pipeline\\Pipeline->then(Object(Closure))
#66 /Users/tobikudayisi/repos/admissionboox/vendor/laravel/framework/src/Illuminate/Foundation/Http/Kernel.php(144): Illuminate\\Foundation\\Http\\Kernel->sendRequestThroughRouter(Object(Illuminate\\Http\\Request))
#67 /Users/tobikudayisi/repos/admissionboox/public/index.php(51): Illuminate\\Foundation\\Http\\Kernel->handle(Object(Illuminate\\Http\\Request))
#68 /Users/tobikudayisi/repos/admissionboox/vendor/laravel/framework/src/Illuminate/Foundation/resources/server.php(16): require_once('/Users/tobikuda...')
#69 {main}
"} 
