[2024-09-02 11:07:19] local.ERROR: Attempt to read property "id" on null {"view":{"view":"/Users/tobikudayisi/repos/admissionboox/resources/views/school.blade.php","data":{"errors":"<pre class=sf-dump id=sf-dump-1385888567 data-indent-pad=\"  \"><span class=sf-dump-note>Illuminate\\Support\\ViewErrorBag</span> {<a class=sf-dump-ref>#310</a><samp data-depth=1 class=sf-dump-expanded>
  #<span class=sf-dump-protected title=\"Protected property\">bags</span>: []
</samp>}
</pre><script>Sfdump(\"sf-dump-1385888567\", {\"maxDepth\":3,\"maxStringLength\":160})</script>
","user":"<pre class=sf-dump id=sf-dump-1869296435 data-indent-pad=\"  \"><span class=sf-dump-const>null</span>
</pre><script>Sfdump(\"sf-dump-1869296435\", {\"maxDepth\":3,\"maxStringLength\":160})</script>
","plugins":"<pre class=sf-dump id=sf-dump-95659498 data-indent-pad=\"  \">[]
</pre><script>Sfdump(\"sf-dump-95659498\", {\"maxDepth\":3,\"maxStringLength\":160})</script>
","senders":"<pre class=sf-dump id=sf-dump-464156910 data-indent-pad=\"  \"><span class=sf-dump-note>array:1</span> [<samp data-depth=1 class=sf-dump-expanded>
  <span class=sf-dump-index>0</span> => <span class=sf-dump-note>array:12</span> [<samp data-depth=2 class=sf-dump-compact>
    \"<span class=sf-dump-key>id</span>\" => <span class=sf-dump-num>1</span>
    \"<span class=sf-dump-key>ss</span>\" => \"<span class=sf-dump-str title=\"14 characters\">smtp-pulse.com</span>\"
    \"<span class=sf-dump-key>sp</span>\" => \"<span class=sf-dump-str title=\"3 characters\">465</span>\"
    \"<span class=sf-dump-key>sa</span>\" => \"<span class=sf-dump-str title=\"3 characters\">yes</span>\"
    \"<span class=sf-dump-key>sec</span>\" => \"<span class=sf-dump-str title=\"3 characters\">ssl</span>\"
    \"<span class=sf-dump-key>su</span>\" => \"<span class=sf-dump-str title=\"23 characters\">pancraseikore@gmail.com</span>\"
    \"<span class=sf-dump-key>spp</span>\" => \"<span class=sf-dump-str title=\"13 characters\">F6HQmJkQf44T3</span>\"
    \"<span class=sf-dump-key>sn</span>\" => \"<span class=sf-dump-str title=\"13 characters\">AdmissionBoox</span>\"
    \"<span class=sf-dump-key>se</span>\" => \"<span class=sf-dump-str title=\"26 characters\">info@primetechmedia.com.ng</span>\"
    \"<span class=sf-dump-key>current</span>\" => \"<span class=sf-dump-str title=\"3 characters\">yes</span>\"
    \"<span class=sf-dump-key>status</span>\" => \"<span class=sf-dump-str title=\"7 characters\">enabled</span>\"
    \"<span class=sf-dump-key>date</span>\" => \"<span class=sf-dump-str title=\"14 characters\">20th May, 2024</span>\"
  </samp>]
</samp>]
</pre><script>Sfdump(\"sf-dump-464156910\", {\"maxDepth\":3,\"maxStringLength\":160})</script>
","signals":"<pre class=sf-dump id=sf-dump-578775102 data-indent-pad=\"  \"><span class=sf-dump-note>array:2</span> [<samp data-depth=1 class=sf-dump-expanded>
  \"<span class=sf-dump-key>okays</span>\" => <span class=sf-dump-note>array:7</span> [<samp data-depth=2 class=sf-dump-compact>
    \"<span class=sf-dump-key>login-status</span>\" => \"<span class=sf-dump-str title=\"18 characters\">Sign in successful</span>\"
    \"<span class=sf-dump-key>add-sender-status</span>\" => \"<span class=sf-dump-str title=\"13 characters\">Sender added!</span>\"
    \"<span class=sf-dump-key>update-profile-status</span>\" => \"<span class=sf-dump-str title=\"16 characters\">Profile updated!</span>\"
    \"<span class=sf-dump-key>new-tracking-status</span>\" => \"<span class=sf-dump-str title=\"15 characters\">Tracking added!</span>\"
    \"<span class=sf-dump-key>tracking-status</span>\" => \"<span class=sf-dump-str title=\"17 characters\">Tracking updated!</span>\"
    \"<span class=sf-dump-key>remove-tracking-status</span>\" => \"<span class=sf-dump-str title=\"17 characters\">Tracking removed!</span>\"
    \"<span class=sf-dump-key>contact-status</span>\" => \"<span class=sf-dump-str title=\"80 characters\">Message sent! Our customer service representatives will get back to you shortly.</span>\"
  </samp>]
  \"<span class=sf-dump-key>errors</span>\" => <span class=sf-dump-note>array:5</span> [<samp data-depth=2 class=sf-dump-compact>
    \"<span class=sf-dump-key>login-status-error</span>\" => \"<span class=sf-dump-str title=\"55 characters\">There was a problem signing in, please contact support.</span>\"
    \"<span class=sf-dump-key>add-sender-status-error</span>\" => \"<span class=sf-dump-str title=\"34 characters\">There was a problem adding sender.</span>\"
    \"<span class=sf-dump-key>update-status-error</span>\" => \"<span class=sf-dump-str title=\"65 characters\">There was a problem updating the account, please contact support.</span>\"
    \"<span class=sf-dump-key>contact-status-error</span>\" => \"<span class=sf-dump-str title=\"65 characters\">There was a problem sending your message, please contact support.</span>\"
    \"<span class=sf-dump-key>tracking-status-error</span>\" => \"<span class=sf-dump-str title=\"29 characters\">Tracking info does not exist!</span>\"
  </samp>]
</samp>]
</pre><script>Sfdump(\"sf-dump-578775102\", {\"maxDepth\":3,\"maxStringLength\":160})</script>
","school":"<pre class=sf-dump id=sf-dump-1730376995 data-indent-pad=\"  \"><span class=sf-dump-note>array:19</span> [<samp data-depth=1 class=sf-dump-expanded>
  \"<span class=sf-dump-key>id</span>\" => <span class=sf-dump-num>1</span>
  \"<span class=sf-dump-key>name</span>\" => \"<span class=sf-dump-str title=\"11 characters\">Test School</span>\"
  \"<span class=sf-dump-key>email</span>\" => \"<span class=sf-dump-str title=\"23 characters\">kkudayisitobi@gmail.com</span>\"
  \"<span class=sf-dump-key>country</span>\" => \"<span class=sf-dump-str title=\"7 characters\">Nigeria</span>\"
  \"<span class=sf-dump-key>phone</span>\" => \"<span class=sf-dump-str title=\"10 characters\">7054291601</span>\"
  \"<span class=sf-dump-key>url</span>\" => \"<span class=sf-dump-str title=\"11 characters\">testschools</span>\"
  \"<span class=sf-dump-key>logo</span>\" => \"<span class=sf-dump-str title=\"90 characters\">https://res.cloudinary.com/admissionboox/image/upload/v1722594984/hpalphwtic861kvxumxt.png</span>\"
  \"<span class=sf-dump-key>landing_page_pic</span>\" => \"\"
  \"<span class=sf-dump-key>status</span>\" => \"<span class=sf-dump-str title=\"6 characters\">active</span>\"
  \"<span class=sf-dump-key>owner</span>\" => <span class=sf-dump-note>array:5</span> [<samp data-depth=2 class=sf-dump-compact>
    \"<span class=sf-dump-key>id</span>\" => <span class=sf-dump-num>1</span>
    \"<span class=sf-dump-key>school_id</span>\" => \"<span class=sf-dump-str>1</span>\"
    \"<span class=sf-dump-key>name</span>\" => \"<span class=sf-dump-str title=\"6 characters\">Ashaka</span>\"
    \"<span class=sf-dump-key>email</span>\" => \"<span class=sf-dump-str title=\"22 characters\">ashaka@testschools.com</span>\"
    \"<span class=sf-dump-key>phone</span>\" => \"<span class=sf-dump-str title=\"11 characters\">08079284917</span>\"
  </samp>]
  \"<span class=sf-dump-key>info</span>\" => <span class=sf-dump-note>array:10</span> [<samp data-depth=2 class=sf-dump-compact>
    \"<span class=sf-dump-key>id</span>\" => <span class=sf-dump-num>1</span>
    \"<span class=sf-dump-key>school_id</span>\" => \"<span class=sf-dump-str>1</span>\"
    \"<span class=sf-dump-key>boarding_type</span>\" => \"<span class=sf-dump-str title=\"4 characters\">both</span>\"
    \"<span class=sf-dump-key>hbu</span>\" => \"<span class=sf-dump-str title=\"5 characters\">other</span>\"
    \"<span class=sf-dump-key>hbu_other</span>\" => \"<span class=sf-dump-str title=\"14 characters\">Testing others</span>\"
    \"<span class=sf-dump-key>school_name</span>\" => \"<span class=sf-dump-str title=\"11 characters\">Test School</span>\"
    \"<span class=sf-dump-key>school_type</span>\" => \"<span class=sf-dump-str title=\"23 characters\">early-primary-secondary</span>\"
    \"<span class=sf-dump-key>school_curriculum</span>\" => \"<span class=sf-dump-str title=\"10 characters\">early-only</span>\"
    \"<span class=sf-dump-key>school_fees</span>\" => \"<span class=sf-dump-str title=\"7 characters\">151-300</span>\"
    \"<span class=sf-dump-key>wcu</span>\" => \"<span class=sf-dump-str title=\"157 characters\">This is an awesome description of our great school. We   have a lot of facilities and equipment to ensure your child has a wonderful environment to learn in.</span>\"
  </samp>]
  \"<span class=sf-dump-key>facilities</span>\" => <span class=sf-dump-note>array:10</span> [<samp data-depth=2 class=sf-dump-compact>
    <span class=sf-dump-index>0</span> => <span class=sf-dump-note>array:3</span> [<samp data-depth=3 class=sf-dump-compact>
      \"<span class=sf-dump-key>id</span>\" => <span class=sf-dump-num>1</span>
      \"<span class=sf-dump-key>school_id</span>\" => \"<span class=sf-dump-str>1</span>\"
      \"<span class=sf-dump-key>facility</span>\" => <span class=sf-dump-note>array:5</span> [ &#8230;5]
    </samp>]
    <span class=sf-dump-index>1</span> => <span class=sf-dump-note>array:3</span> [<samp data-depth=3 class=sf-dump-compact>
      \"<span class=sf-dump-key>id</span>\" => <span class=sf-dump-num>2</span>
      \"<span class=sf-dump-key>school_id</span>\" => \"<span class=sf-dump-str>1</span>\"
      \"<span class=sf-dump-key>facility</span>\" => <span class=sf-dump-note>array:5</span> [ &#8230;5]
    </samp>]
    <span class=sf-dump-index>2</span> => <span class=sf-dump-note>array:3</span> [<samp data-depth=3 class=sf-dump-compact>
      \"<span class=sf-dump-key>id</span>\" => <span class=sf-dump-num>3</span>
      \"<span class=sf-dump-key>school_id</span>\" => \"<span class=sf-dump-str>1</span>\"
      \"<span class=sf-dump-key>facility</span>\" => <span class=sf-dump-note>array:5</span> [ &#8230;5]
    </samp>]
    <span class=sf-dump-index>3</span> => <span class=sf-dump-note>array:3</span> [<samp data-depth=3 class=sf-dump-compact>
      \"<span class=sf-dump-key>id</span>\" => <span class=sf-dump-num>4</span>
      \"<span class=sf-dump-key>school_id</span>\" => \"<span class=sf-dump-str>1</span>\"
      \"<span class=sf-dump-key>facility</span>\" => <span class=sf-dump-note>array:5</span> [ &#8230;5]
    </samp>]
    <span class=sf-dump-index>4</span> => <span class=sf-dump-note>array:3</span> [<samp data-depth=3 class=sf-dump-compact>
      \"<span class=sf-dump-key>id</span>\" => <span class=sf-dump-num>5</span>
      \"<span class=sf-dump-key>school_id</span>\" => \"<span class=sf-dump-str>1</span>\"
      \"<span class=sf-dump-key>facility</span>\" => <span class=sf-dump-note>array:5</span> [ &#8230;5]
    </samp>]
    <span class=sf-dump-index>5</span> => <span class=sf-dump-note>array:3</span> [<samp data-depth=3 class=sf-dump-compact>
      \"<span class=sf-dump-key>id</span>\" => <span class=sf-dump-num>6</span>
      \"<span class=sf-dump-key>school_id</span>\" => \"<span class=sf-dump-str>1</span>\"
      \"<span class=sf-dump-key>facility</span>\" => <span class=sf-dump-note>array:5</span> [ &#8230;5]
    </samp>]
    <span class=sf-dump-index>6</span> => <span class=sf-dump-note>array:3</span> [<samp data-depth=3 class=sf-dump-compact>
      \"<span class=sf-dump-key>id</span>\" => <span class=sf-dump-num>7</span>
      \"<span class=sf-dump-key>school_id</span>\" => \"<span class=sf-dump-str>1</span>\"
      \"<span class=sf-dump-key>facility</span>\" => <span class=sf-dump-note>array:5</span> [ &#8230;5]
    </samp>]
    <span class=sf-dump-index>7</span> => <span class=sf-dump-note>array:3</span> [<samp data-depth=3 class=sf-dump-compact>
      \"<span class=sf-dump-key>id</span>\" => <span class=sf-dump-num>8</span>
      \"<span class=sf-dump-key>school_id</span>\" => \"<span class=sf-dump-str>1</span>\"
      \"<span class=sf-dump-key>facility</span>\" => <span class=sf-dump-note>array:5</span> [ &#8230;5]
    </samp>]
    <span class=sf-dump-index>8</span> => <span class=sf-dump-note>array:3</span> [<samp data-depth=3 class=sf-dump-compact>
      \"<span class=sf-dump-key>id</span>\" => <span class=sf-dump-num>9</span>
      \"<span class=sf-dump-key>school_id</span>\" => \"<span class=sf-dump-str>1</span>\"
      \"<span class=sf-dump-key>facility</span>\" => <span class=sf-dump-note>array:5</span> [ &#8230;5]
    </samp>]
    <span class=sf-dump-index>9</span> => <span class=sf-dump-note>array:3</span> [<samp data-depth=3 class=sf-dump-compact>
      \"<span class=sf-dump-key>id</span>\" => <span class=sf-dump-num>10</span>
      \"<span class=sf-dump-key>school_id</span>\" => \"<span class=sf-dump-str>1</span>\"
      \"<span class=sf-dump-key>facility</span>\" => <span class=sf-dump-note>array:5</span> [ &#8230;5]
    </samp>]
  </samp>]
  \"<span class=sf-dump-key>resources</span>\" => <span class=sf-dump-note>array:1</span> [<samp data-depth=2 class=sf-dump-compact>
    <span class=sf-dump-index>0</span> => <span class=sf-dump-note>array:4</span> [<samp data-depth=3 class=sf-dump-compact>
      \"<span class=sf-dump-key>id</span>\" => <span class=sf-dump-num>1</span>
      \"<span class=sf-dump-key>school_id</span>\" => \"<span class=sf-dump-str>1</span>\"
      \"<span class=sf-dump-key>url</span>\" => \"<span class=sf-dump-str title=\"90 characters\">https://res.cloudinary.com/admissionboox/image/upload/v1722103029/aysnxgugodwzqtqywjno.jpg</span>\"
      \"<span class=sf-dump-key>date</span>\" => \"<span class=sf-dump-str title=\"15 characters\">27th July, 2024</span>\"
    </samp>]
  </samp>]
  \"<span class=sf-dump-key>clubs</span>\" => <span class=sf-dump-note>array:7</span> [<samp data-depth=2 class=sf-dump-compact>
    <span class=sf-dump-index>0</span> => <span class=sf-dump-note>array:5</span> [<samp data-depth=3 class=sf-dump-compact>
      \"<span class=sf-dump-key>id</span>\" => <span class=sf-dump-num>1</span>
      \"<span class=sf-dump-key>club_name</span>\" => \"<span class=sf-dump-str title=\"6 characters\">Ballet</span>\"
      \"<span class=sf-dump-key>club_value</span>\" => \"<span class=sf-dump-str title=\"6 characters\">ballet</span>\"
      \"<span class=sf-dump-key>icon</span>\" => \"<span class=sf-dump-str title=\"20 characters\">im-icon-Ballet-Shoes</span>\"
      \"<span class=sf-dump-key>date</span>\" => \"<span class=sf-dump-str title=\"15 characters\">26th July, 2024</span>\"
    </samp>]
    <span class=sf-dump-index>1</span> => <span class=sf-dump-note>array:5</span> [<samp data-depth=3 class=sf-dump-compact>
      \"<span class=sf-dump-key>id</span>\" => <span class=sf-dump-num>2</span>
      \"<span class=sf-dump-key>club_name</span>\" => \"<span class=sf-dump-str title=\"5 characters\">Chess</span>\"
      \"<span class=sf-dump-key>club_value</span>\" => \"<span class=sf-dump-str title=\"5 characters\">chess</span>\"
      \"<span class=sf-dump-key>icon</span>\" => \"<span class=sf-dump-str title=\"13 characters\">im-icon-Chess</span>\"
      \"<span class=sf-dump-key>date</span>\" => \"<span class=sf-dump-str title=\"15 characters\">26th July, 2024</span>\"
    </samp>]
    <span class=sf-dump-index>2</span> => <span class=sf-dump-note>array:5</span> [<samp data-depth=3 class=sf-dump-compact>
      \"<span class=sf-dump-key>id</span>\" => <span class=sf-dump-num>3</span>
      \"<span class=sf-dump-key>club_name</span>\" => \"<span class=sf-dump-str title=\"8 characters\">Scrabble</span>\"
      \"<span class=sf-dump-key>club_value</span>\" => \"<span class=sf-dump-str title=\"8 characters\">scrabble</span>\"
      \"<span class=sf-dump-key>icon</span>\" => \"<span class=sf-dump-str title=\"12 characters\">im-icon-Book</span>\"
      \"<span class=sf-dump-key>date</span>\" => \"<span class=sf-dump-str title=\"15 characters\">26th July, 2024</span>\"
    </samp>]
    <span class=sf-dump-index>3</span> => <span class=sf-dump-note>array:5</span> [<samp data-depth=3 class=sf-dump-compact>
      \"<span class=sf-dump-key>id</span>\" => <span class=sf-dump-num>4</span>
      \"<span class=sf-dump-key>club_name</span>\" => \"<span class=sf-dump-str title=\"8 characters\">Football</span>\"
      \"<span class=sf-dump-key>club_value</span>\" => \"<span class=sf-dump-str title=\"8 characters\">football</span>\"
      \"<span class=sf-dump-key>icon</span>\" => \"<span class=sf-dump-str title=\"18 characters\">im-icon-Football-2</span>\"
      \"<span class=sf-dump-key>date</span>\" => \"<span class=sf-dump-str title=\"15 characters\">26th July, 2024</span>\"
    </samp>]
    <span class=sf-dump-index>4</span> => <span class=sf-dump-note>array:5</span> [<samp data-depth=3 class=sf-dump-compact>
      \"<span class=sf-dump-key>id</span>\" => <span class=sf-dump-num>5</span>
      \"<span class=sf-dump-key>club_name</span>\" => \"<span class=sf-dump-str title=\"8 characters\">Swimming</span>\"
      \"<span class=sf-dump-key>club_value</span>\" => \"<span class=sf-dump-str title=\"8 characters\">swimming</span>\"
      \"<span class=sf-dump-key>icon</span>\" => \"<span class=sf-dump-str title=\"16 characters\">im-icon-Swimming</span>\"
      \"<span class=sf-dump-key>date</span>\" => \"<span class=sf-dump-str title=\"15 characters\">26th July, 2024</span>\"
    </samp>]
    <span class=sf-dump-index>5</span> => <span class=sf-dump-note>array:5</span> [<samp data-depth=3 class=sf-dump-compact>
      \"<span class=sf-dump-key>id</span>\" => <span class=sf-dump-num>6</span>
      \"<span class=sf-dump-key>club_name</span>\" => \"<span class=sf-dump-str title=\"9 characters\">Taekwondo</span>\"
      \"<span class=sf-dump-key>club_value</span>\" => \"<span class=sf-dump-str title=\"9 characters\">taekwondo</span>\"
      \"<span class=sf-dump-key>icon</span>\" => \"<span class=sf-dump-str title=\"18 characters\">im-icon-Aerobics-2</span>\"
      \"<span class=sf-dump-key>date</span>\" => \"<span class=sf-dump-str title=\"15 characters\">26th July, 2024</span>\"
    </samp>]
    <span class=sf-dump-index>6</span> => <span class=sf-dump-note>array:5</span> [<samp data-depth=3 class=sf-dump-compact>
      \"<span class=sf-dump-key>id</span>\" => <span class=sf-dump-num>7</span>
      \"<span class=sf-dump-key>club_name</span>\" => \"<span class=sf-dump-str title=\"5 characters\">Music</span>\"
      \"<span class=sf-dump-key>club_value</span>\" => \"<span class=sf-dump-str title=\"5 characters\">music</span>\"
      \"<span class=sf-dump-key>icon</span>\" => \"<span class=sf-dump-str title=\"19 characters\">im-icon-Music-Note2</span>\"
      \"<span class=sf-dump-key>date</span>\" => \"<span class=sf-dump-str title=\"15 characters\">26th July, 2024</span>\"
    </samp>]
  </samp>]
  \"<span class=sf-dump-key>address</span>\" => <span class=sf-dump-note>array:6</span> [<samp data-depth=2 class=sf-dump-compact>
    \"<span class=sf-dump-key>id</span>\" => <span class=sf-dump-num>1</span>
    \"<span class=sf-dump-key>school_id</span>\" => \"<span class=sf-dump-str>1</span>\"
    \"<span class=sf-dump-key>school_state</span>\" => \"<span class=sf-dump-str title=\"5 characters\">Lagos</span>\"
    \"<span class=sf-dump-key>school_address</span>\" => \"<span class=sf-dump-str title=\"21 characters\">1, My School Compound</span>\"
    \"<span class=sf-dump-key>longitude</span>\" => \"<span class=sf-dump-str title=\"7 characters\">132.778</span>\"
    \"<span class=sf-dump-key>latitude</span>\" => \"<span class=sf-dump-str title=\"8 characters\">145.3232</span>\"
  </samp>]
  \"<span class=sf-dump-key>bookmarks</span>\" => <span class=sf-dump-note>array:1</span> [<samp data-depth=2 class=sf-dump-compact>
    <span class=sf-dump-index>0</span> => <span class=sf-dump-note>array:4</span> [<samp data-depth=3 class=sf-dump-compact>
      \"<span class=sf-dump-key>id</span>\" => <span class=sf-dump-num>1</span>
      \"<span class=sf-dump-key>school_id</span>\" => \"<span class=sf-dump-str title=\"11 characters\">testschools</span>\"
      \"<span class=sf-dump-key>user_id</span>\" => \"<span class=sf-dump-str>2</span>\"
      \"<span class=sf-dump-key>date</span>\" => \"<span class=sf-dump-str title=\"17 characters\">23rd August, 2024</span>\"
    </samp>]
  </samp>]
  \"<span class=sf-dump-key>banners</span>\" => <span class=sf-dump-note>array:1</span> [<samp data-depth=2 class=sf-dump-compact>
    <span class=sf-dump-index>0</span> => <span class=sf-dump-note>array:3</span> [<samp data-depth=3 class=sf-dump-compact>
      \"<span class=sf-dump-key>id</span>\" => <span class=sf-dump-num>1</span>
      \"<span class=sf-dump-key>school_id</span>\" => \"<span class=sf-dump-str>1</span>\"
      \"<span class=sf-dump-key>url</span>\" => \"<span class=sf-dump-str title=\"90 characters\">https://res.cloudinary.com/admissionboox/image/upload/v1722592841/koy0jdksv1zyeueqflvh.jpg</span>\"
    </samp>]
  </samp>]
  \"<span class=sf-dump-key>faqs</span>\" => <span class=sf-dump-note>array:2</span> [<samp data-depth=2 class=sf-dump-compact>
    <span class=sf-dump-index>0</span> => <span class=sf-dump-note>array:4</span> [<samp data-depth=3 class=sf-dump-compact>
      \"<span class=sf-dump-key>id</span>\" => <span class=sf-dump-num>2</span>
      \"<span class=sf-dump-key>school_id</span>\" => \"<span class=sf-dump-str>1</span>\"
      \"<span class=sf-dump-key>faq_question</span>\" => \"<span class=sf-dump-str title=\"18 characters\">What is our pride?</span>\"
      \"<span class=sf-dump-key>faq_answer</span>\" => \"<span class=sf-dump-str title=\"14 characters\">Great students</span>\"
    </samp>]
    <span class=sf-dump-index>1</span> => <span class=sf-dump-note>array:4</span> [<samp data-depth=3 class=sf-dump-compact>
      \"<span class=sf-dump-key>id</span>\" => <span class=sf-dump-num>3</span>
      \"<span class=sf-dump-key>school_id</span>\" => \"<span class=sf-dump-str>1</span>\"
      \"<span class=sf-dump-key>faq_question</span>\" => \"<span class=sf-dump-str title=\"29 characters\">What signifies your strength?</span>\"
      \"<span class=sf-dump-key>faq_answer</span>\" => \"<span class=sf-dump-str title=\"61 characters\">Great students learning to be the best in a great environment</span>\"
    </samp>]
  </samp>]
  \"<span class=sf-dump-key>date</span>\" => \"<span class=sf-dump-str title=\"15 characters\">26th July, 2024</span>\"
</samp>]
</pre><script>Sfdump(\"sf-dump-1730376995\", {\"maxDepth\":3,\"maxStringLength\":160})</script>
","schoolCategories":"<pre class=sf-dump id=sf-dump-230503194 data-indent-pad=\"  \"><span class=sf-dump-note>array:11</span> [<samp data-depth=1 class=sf-dump-expanded>
  <span class=sf-dump-index>0</span> => <span class=sf-dump-note>array:2</span> [<samp data-depth=2 class=sf-dump-compact>
    \"<span class=sf-dump-key>name</span>\" => \"<span class=sf-dump-str title=\"11 characters\">Early Years</span>\"
    \"<span class=sf-dump-key>xf</span>\" => \"<span class=sf-dump-str title=\"5 characters\">early</span>\"
  </samp>]
  <span class=sf-dump-index>1</span> => <span class=sf-dump-note>array:2</span> [<samp data-depth=2 class=sf-dump-compact>
    \"<span class=sf-dump-key>name</span>\" => \"<span class=sf-dump-str title=\"7 characters\">Primary</span>\"
    \"<span class=sf-dump-key>xf</span>\" => \"<span class=sf-dump-str title=\"7 characters\">primary</span>\"
  </samp>]
  <span class=sf-dump-index>2</span> => <span class=sf-dump-note>array:2</span> [<samp data-depth=2 class=sf-dump-compact>
    \"<span class=sf-dump-key>name</span>\" => \"<span class=sf-dump-str title=\"9 characters\">Secondary</span>\"
    \"<span class=sf-dump-key>xf</span>\" => \"<span class=sf-dump-str title=\"9 characters\">secondary</span>\"
  </samp>]
  <span class=sf-dump-index>3</span> => <span class=sf-dump-note>array:2</span> [<samp data-depth=2 class=sf-dump-compact>
    \"<span class=sf-dump-key>name</span>\" => \"<span class=sf-dump-str title=\"8 characters\">Tertiary</span>\"
    \"<span class=sf-dump-key>xf</span>\" => \"<span class=sf-dump-str title=\"8 characters\">tertiary</span>\"
  </samp>]
  <span class=sf-dump-index>4</span> => <span class=sf-dump-note>array:2</span> [<samp data-depth=2 class=sf-dump-compact>
    \"<span class=sf-dump-key>name</span>\" => \"<span class=sf-dump-str title=\"11 characters\">Faith-based</span>\"
    \"<span class=sf-dump-key>xf</span>\" => \"<span class=sf-dump-str title=\"5 characters\">faith</span>\"
  </samp>]
  <span class=sf-dump-index>5</span> => <span class=sf-dump-note>array:2</span> [<samp data-depth=2 class=sf-dump-compact>
    \"<span class=sf-dump-key>name</span>\" => \"<span class=sf-dump-str title=\"8 characters\">Boarding</span>\"
    \"<span class=sf-dump-key>xf</span>\" => \"<span class=sf-dump-str title=\"8 characters\">boarding</span>\"
  </samp>]
  <span class=sf-dump-index>6</span> => <span class=sf-dump-note>array:2</span> [<samp data-depth=2 class=sf-dump-compact>
    \"<span class=sf-dump-key>name</span>\" => \"<span class=sf-dump-str title=\"7 characters\">Private</span>\"
    \"<span class=sf-dump-key>xf</span>\" => \"<span class=sf-dump-str title=\"7 characters\">private</span>\"
  </samp>]
  <span class=sf-dump-index>7</span> => <span class=sf-dump-note>array:2</span> [<samp data-depth=2 class=sf-dump-compact>
    \"<span class=sf-dump-key>name</span>\" => \"<span class=sf-dump-str title=\"6 characters\">Public</span>\"
    \"<span class=sf-dump-key>xf</span>\" => \"<span class=sf-dump-str title=\"6 characters\">public</span>\"
  </samp>]
  <span class=sf-dump-index>8</span> => <span class=sf-dump-note>array:2</span> [<samp data-depth=2 class=sf-dump-compact>
    \"<span class=sf-dump-key>name</span>\" => \"<span class=sf-dump-str title=\"4 characters\">Boys</span>\"
    \"<span class=sf-dump-key>xf</span>\" => \"<span class=sf-dump-str title=\"4 characters\">boys</span>\"
  </samp>]
  <span class=sf-dump-index>9</span> => <span class=sf-dump-note>array:2</span> [<samp data-depth=2 class=sf-dump-compact>
    \"<span class=sf-dump-key>name</span>\" => \"<span class=sf-dump-str title=\"5 characters\">Girls</span>\"
    \"<span class=sf-dump-key>xf</span>\" => \"<span class=sf-dump-str title=\"5 characters\">girls</span>\"
  </samp>]
  <span class=sf-dump-index>10</span> => <span class=sf-dump-note>array:2</span> [<samp data-depth=2 class=sf-dump-compact>
    \"<span class=sf-dump-key>name</span>\" => \"<span class=sf-dump-str title=\"8 characters\">Day Care</span>\"
    \"<span class=sf-dump-key>xf</span>\" => \"<span class=sf-dump-str title=\"8 characters\">day-care</span>\"
  </samp>]
</samp>]
</pre><script>Sfdump(\"sf-dump-230503194\", {\"maxDepth\":3,\"maxStringLength\":160})</script>
","calculatedRating":"<pre class=sf-dump id=sf-dump-2101405209 data-indent-pad=\"  \"><span class=sf-dump-note>array:4</span> [<samp data-depth=1 class=sf-dump-expanded>
  \"<span class=sf-dump-key>rating</span>\" => <span class=sf-dump-num>0</span>
  \"<span class=sf-dump-key>environment</span>\" => <span class=sf-dump-num>0</span>
  \"<span class=sf-dump-key>service</span>\" => <span class=sf-dump-num>0</span>
  \"<span class=sf-dump-key>price</span>\" => <span class=sf-dump-num>0</span>
</samp>]
</pre><script>Sfdump(\"sf-dump-2101405209\", {\"maxDepth\":3,\"maxStringLength\":160})</script>
","currentPage":"<pre class=sf-dump id=sf-dump-1540997347 data-indent-pad=\"  \"><span class=sf-dump-num>1</span>
</pre><script>Sfdump(\"sf-dump-1540997347\", {\"maxDepth\":3,\"maxStringLength\":160})</script>
","numPages":"<pre class=sf-dump id=sf-dump-1806642218 data-indent-pad=\"  \"><span class=sf-dump-num>0.0</span>
</pre><script>Sfdump(\"sf-dump-1806642218\", {\"maxDepth\":3,\"maxStringLength\":160})</script>
","reviews":"<pre class=sf-dump id=sf-dump-1076254612 data-indent-pad=\"  \">[]
</pre><script>Sfdump(\"sf-dump-1076254612\", {\"maxDepth\":3,\"maxStringLength\":160})</script>
","tags":"<pre class=sf-dump id=sf-dump-577914042 data-indent-pad=\"  \"><span class=sf-dump-note>array:11</span> [<samp data-depth=1 class=sf-dump-expanded>
  \"<span class=sf-dump-key>day</span>\" => <span class=sf-dump-const>false</span>
  \"<span class=sf-dump-key>boarding</span>\" => <span class=sf-dump-const>false</span>
  \"<span class=sf-dump-key>early</span>\" => <span class=sf-dump-const>false</span>
  \"<span class=sf-dump-key>primary</span>\" => <span class=sf-dump-const>false</span>
  \"<span class=sf-dump-key>secondary</span>\" => <span class=sf-dump-const>false</span>
  \"<span class=sf-dump-key>tertiary</span>\" => <span class=sf-dump-const>false</span>
  \"<span class=sf-dump-key>boys</span>\" => <span class=sf-dump-const>false</span>
  \"<span class=sf-dump-key>girls</span>\" => <span class=sf-dump-const>false</span>
  \"<span class=sf-dump-key>faith</span>\" => <span class=sf-dump-const>false</span>
  \"<span class=sf-dump-key>private</span>\" => <span class=sf-dump-const>false</span>
  \"<span class=sf-dump-key>public</span>\" => <span class=sf-dump-const>false</span>
</samp>]
</pre><script>Sfdump(\"sf-dump-577914042\", {\"maxDepth\":3,\"maxStringLength\":160})</script>
","similarSchools":"<pre class=sf-dump id=sf-dump-323991105 data-indent-pad=\"  \"><span class=sf-dump-note>array:1</span> [<samp data-depth=1 class=sf-dump-expanded>
  <span class=sf-dump-index>0</span> => <span class=sf-dump-note>array:20</span> [<samp data-depth=2 class=sf-dump-compact>
    \"<span class=sf-dump-key>id</span>\" => <span class=sf-dump-num>1</span>
    \"<span class=sf-dump-key>name</span>\" => \"<span class=sf-dump-str title=\"11 characters\">Test School</span>\"
    \"<span class=sf-dump-key>email</span>\" => \"<span class=sf-dump-str title=\"23 characters\">kkudayisitobi@gmail.com</span>\"
    \"<span class=sf-dump-key>country</span>\" => \"<span class=sf-dump-str title=\"7 characters\">Nigeria</span>\"
    \"<span class=sf-dump-key>phone</span>\" => \"<span class=sf-dump-str title=\"10 characters\">7054291601</span>\"
    \"<span class=sf-dump-key>url</span>\" => \"<span class=sf-dump-str title=\"11 characters\">testschools</span>\"
    \"<span class=sf-dump-key>logo</span>\" => \"<span class=sf-dump-str title=\"90 characters\">https://res.cloudinary.com/admissionboox/image/upload/v1722594984/hpalphwtic861kvxumxt.png</span>\"
    \"<span class=sf-dump-key>landing_page_pic</span>\" => \"\"
    \"<span class=sf-dump-key>status</span>\" => \"<span class=sf-dump-str title=\"6 characters\">active</span>\"
    \"<span class=sf-dump-key>owner</span>\" => <span class=sf-dump-note>array:5</span> [<samp data-depth=3 class=sf-dump-compact>
      \"<span class=sf-dump-key>id</span>\" => <span class=sf-dump-num>1</span>
      \"<span class=sf-dump-key>school_id</span>\" => \"<span class=sf-dump-str>1</span>\"
      \"<span class=sf-dump-key>name</span>\" => \"<span class=sf-dump-str title=\"6 characters\">Ashaka</span>\"
      \"<span class=sf-dump-key>email</span>\" => \"<span class=sf-dump-str title=\"22 characters\">ashaka@testschools.com</span>\"
      \"<span class=sf-dump-key>phone</span>\" => \"<span class=sf-dump-str title=\"11 characters\">08079284917</span>\"
    </samp>]
    \"<span class=sf-dump-key>info</span>\" => <span class=sf-dump-note>array:10</span> [<samp data-depth=3 class=sf-dump-compact>
      \"<span class=sf-dump-key>id</span>\" => <span class=sf-dump-num>1</span>
      \"<span class=sf-dump-key>school_id</span>\" => \"<span class=sf-dump-str>1</span>\"
      \"<span class=sf-dump-key>boarding_type</span>\" => \"<span class=sf-dump-str title=\"4 characters\">both</span>\"
      \"<span class=sf-dump-key>hbu</span>\" => \"<span class=sf-dump-str title=\"5 characters\">other</span>\"
      \"<span class=sf-dump-key>hbu_other</span>\" => \"<span class=sf-dump-str title=\"14 characters\">Testing others</span>\"
      \"<span class=sf-dump-key>school_name</span>\" => \"<span class=sf-dump-str title=\"11 characters\">Test School</span>\"
      \"<span class=sf-dump-key>school_type</span>\" => \"<span class=sf-dump-str title=\"23 characters\">early-primary-secondary</span>\"
      \"<span class=sf-dump-key>school_curriculum</span>\" => \"<span class=sf-dump-str title=\"10 characters\">early-only</span>\"
      \"<span class=sf-dump-key>school_fees</span>\" => \"<span class=sf-dump-str title=\"7 characters\">151-300</span>\"
      \"<span class=sf-dump-key>wcu</span>\" => \"<span class=sf-dump-str title=\"157 characters\">This is an awesome description of our great school. We   have a lot of facilities and equipment to ensure your child has a wonderful environment to learn in.</span>\"
    </samp>]
    \"<span class=sf-dump-key>facilities</span>\" => <span class=sf-dump-note>array:10</span> [<samp data-depth=3 class=sf-dump-compact>
      <span class=sf-dump-index>0</span> => <span class=sf-dump-note>array:3</span> [ &#8230;3]
      <span class=sf-dump-index>1</span> => <span class=sf-dump-note>array:3</span> [ &#8230;3]
      <span class=sf-dump-index>2</span> => <span class=sf-dump-note>array:3</span> [ &#8230;3]
      <span class=sf-dump-index>3</span> => <span class=sf-dump-note>array:3</span> [ &#8230;3]
      <span class=sf-dump-index>4</span> => <span class=sf-dump-note>array:3</span> [ &#8230;3]
      <span class=sf-dump-index>5</span> => <span class=sf-dump-note>array:3</span> [ &#8230;3]
      <span class=sf-dump-index>6</span> => <span class=sf-dump-note>array:3</span> [ &#8230;3]
      <span class=sf-dump-index>7</span> => <span class=sf-dump-note>array:3</span> [ &#8230;3]
      <span class=sf-dump-index>8</span> => <span class=sf-dump-note>array:3</span> [ &#8230;3]
      <span class=sf-dump-index>9</span> => <span class=sf-dump-note>array:3</span> [ &#8230;3]
    </samp>]
    \"<span class=sf-dump-key>resources</span>\" => <span class=sf-dump-note>array:1</span> [<samp data-depth=3 class=sf-dump-compact>
      <span class=sf-dump-index>0</span> => <span class=sf-dump-note>array:4</span> [ &#8230;4]
    </samp>]
    \"<span class=sf-dump-key>clubs</span>\" => <span class=sf-dump-note>array:7</span> [<samp data-depth=3 class=sf-dump-compact>
      <span class=sf-dump-index>0</span> => <span class=sf-dump-note>array:5</span> [ &#8230;5]
      <span class=sf-dump-index>1</span> => <span class=sf-dump-note>array:5</span> [ &#8230;5]
      <span class=sf-dump-index>2</span> => <span class=sf-dump-note>array:5</span> [ &#8230;5]
      <span class=sf-dump-index>3</span> => <span class=sf-dump-note>array:5</span> [ &#8230;5]
      <span class=sf-dump-index>4</span> => <span class=sf-dump-note>array:5</span> [ &#8230;5]
      <span class=sf-dump-index>5</span> => <span class=sf-dump-note>array:5</span> [ &#8230;5]
      <span class=sf-dump-index>6</span> => <span class=sf-dump-note>array:5</span> [ &#8230;5]
    </samp>]
    \"<span class=sf-dump-key>address</span>\" => <span class=sf-dump-note>array:6</span> [<samp data-depth=3 class=sf-dump-compact>
      \"<span class=sf-dump-key>id</span>\" => <span class=sf-dump-num>1</span>
      \"<span class=sf-dump-key>school_id</span>\" => \"<span class=sf-dump-str>1</span>\"
      \"<span class=sf-dump-key>school_state</span>\" => \"<span class=sf-dump-str title=\"5 characters\">Lagos</span>\"
      \"<span class=sf-dump-key>school_address</span>\" => \"<span class=sf-dump-str title=\"21 characters\">1, My School Compound</span>\"
      \"<span class=sf-dump-key>longitude</span>\" => \"<span class=sf-dump-str title=\"7 characters\">132.778</span>\"
      \"<span class=sf-dump-key>latitude</span>\" => \"<span class=sf-dump-str title=\"8 characters\">145.3232</span>\"
    </samp>]
    \"<span class=sf-dump-key>bookmarks</span>\" => <span class=sf-dump-note>array:1</span> [<samp data-depth=3 class=sf-dump-compact>
      <span class=sf-dump-index>0</span> => <span class=sf-dump-note>array:4</span> [ &#8230;4]
    </samp>]
    \"<span class=sf-dump-key>banners</span>\" => <span class=sf-dump-note>array:1</span> [<samp data-depth=3 class=sf-dump-compact>
      <span class=sf-dump-index>0</span> => <span class=sf-dump-note>array:3</span> [ &#8230;3]
    </samp>]
    \"<span class=sf-dump-key>faqs</span>\" => <span class=sf-dump-note>array:2</span> [<samp data-depth=3 class=sf-dump-compact>
      <span class=sf-dump-index>0</span> => <span class=sf-dump-note>array:4</span> [ &#8230;4]
      <span class=sf-dump-index>1</span> => <span class=sf-dump-note>array:4</span> [ &#8230;4]
    </samp>]
    \"<span class=sf-dump-key>date</span>\" => \"<span class=sf-dump-str title=\"15 characters\">26th July, 2024</span>\"
    \"<span class=sf-dump-key>calculatedRating</span>\" => <span class=sf-dump-note>array:4</span> [<samp data-depth=3 class=sf-dump-compact>
      \"<span class=sf-dump-key>rating</span>\" => <span class=sf-dump-num>0</span>
      \"<span class=sf-dump-key>environment</span>\" => <span class=sf-dump-num>0</span>
      \"<span class=sf-dump-key>service</span>\" => <span class=sf-dump-num>0</span>
      \"<span class=sf-dump-key>price</span>\" => <span class=sf-dump-num>0</span>
    </samp>]
  </samp>]
</samp>]
</pre><script>Sfdump(\"sf-dump-323991105\", {\"maxDepth\":3,\"maxStringLength\":160})</script>
","hasActiveAdmission":"<pre class=sf-dump id=sf-dump-638064909 data-indent-pad=\"  \"><span class=sf-dump-const>true</span>
</pre><script>Sfdump(\"sf-dump-638064909\", {\"maxDepth\":3,\"maxStringLength\":160})</script>
","applicationTimeSlots":"<pre class=sf-dump id=sf-dump-168541317 data-indent-pad=\"  \"><span class=sf-dump-note>array:10</span> [<samp data-depth=1 class=sf-dump-expanded>
  <span class=sf-dump-index>0</span> => \"<span class=sf-dump-str title=\"17 characters\">8:00 AM - 9:00 AM</span>\"
  <span class=sf-dump-index>1</span> => \"<span class=sf-dump-str title=\"18 characters\">9:00 AM - 10:00 AM</span>\"
  <span class=sf-dump-index>2</span> => \"<span class=sf-dump-str title=\"19 characters\">10:00 AM - 11:00 AM</span>\"
  <span class=sf-dump-index>3</span> => \"<span class=sf-dump-str title=\"19 characters\">11:00 AM - 12:00 PM</span>\"
  <span class=sf-dump-index>4</span> => \"<span class=sf-dump-str title=\"18 characters\">12:00 PM - 1:00 PM</span>\"
  <span class=sf-dump-index>5</span> => \"<span class=sf-dump-str title=\"17 characters\">1:00 PM - 2:00 PM</span>\"
  <span class=sf-dump-index>6</span> => \"<span class=sf-dump-str title=\"17 characters\">2:00 PM - 3:00 PM</span>\"
  <span class=sf-dump-index>7</span> => \"<span class=sf-dump-str title=\"17 characters\">3:00 PM - 4:00 PM</span>\"
  <span class=sf-dump-index>8</span> => \"<span class=sf-dump-str title=\"17 characters\">4:00 PM - 5:00 PM</span>\"
  <span class=sf-dump-index>9</span> => \"<span class=sf-dump-str title=\"17 characters\">5:00 PM - 6:00 PM</span>\"
</samp>]
</pre><script>Sfdump(\"sf-dump-168541317\", {\"maxDepth\":3,\"maxStringLength\":160})</script>
","schoolAdmissions":"<pre class=sf-dump id=sf-dump-988095569 data-indent-pad=\"  \"><span class=sf-dump-note>array:1</span> [<samp data-depth=1 class=sf-dump-expanded>
  <span class=sf-dump-index>0</span> => <span class=sf-dump-note>array:11</span> [<samp data-depth=2 class=sf-dump-compact>
    \"<span class=sf-dump-key>id</span>\" => <span class=sf-dump-num>4</span>
    \"<span class=sf-dump-key>school_id</span>\" => \"<span class=sf-dump-str>1</span>\"
    \"<span class=sf-dump-key>classes</span>\" => <span class=sf-dump-note>array:3</span> [<samp data-depth=3 class=sf-dump-compact>
      <span class=sf-dump-index>0</span> => <span class=sf-dump-note>array:4</span> [ &#8230;4]
      <span class=sf-dump-index>1</span> => <span class=sf-dump-note>array:4</span> [ &#8230;4]
      <span class=sf-dump-index>2</span> => <span class=sf-dump-note>array:4</span> [ &#8230;4]
    </samp>]
    \"<span class=sf-dump-key>applications</span>\" => []
    \"<span class=sf-dump-key>session</span>\" => \"<span class=sf-dump-str title=\"9 characters\">2024/2025</span>\"
    \"<span class=sf-dump-key>term_id</span>\" => \"<span class=sf-dump-str>1</span>\"
    \"<span class=sf-dump-key>form_id</span>\" => \"<span class=sf-dump-str>4</span>\"
    \"<span class=sf-dump-key>date</span>\" => \"<span class=sf-dump-str title=\"15 characters\">28th July, 2024</span>\"
    \"<span class=sf-dump-key>end_date</span>\" => \"<span class=sf-dump-str title=\"10 characters\">2024-09-13</span>\"
    \"<span class=sf-dump-key>status</span>\" => \"<span class=sf-dump-str title=\"6 characters\">active</span>\"
    \"<span class=sf-dump-key>end_date_formatted</span>\" => \"<span class=sf-dump-str title=\"20 characters\">13th September, 2024</span>\"
  </samp>]
</samp>]
</pre><script>Sfdump(\"sf-dump-988095569\", {\"maxDepth\":3,\"maxStringLength\":160})</script>
"}},"exception":"[object] (Spatie\\LaravelIgnition\\Exceptions\\ViewException(code: 0): Attempt to read property \"id\" on null at /Users/tobikudayisi/repos/admissionboox/resources/views/school.blade.php:31)
[stacktrace]
#0 /Users/tobikudayisi/repos/admissionboox/vendor/laravel/framework/src/Illuminate/Filesystem/Filesystem.php(123): require('/Users/tobikuda...')
#1 /Users/tobikudayisi/repos/admissionboox/vendor/laravel/framework/src/Illuminate/Filesystem/Filesystem.php(124): Illuminate\\Filesystem\\Filesystem::Illuminate\\Filesystem\\{closure}()
#2 /Users/tobikudayisi/repos/admissionboox/vendor/laravel/framework/src/Illuminate/View/Engines/PhpEngine.php(58): Illuminate\\Filesystem\\Filesystem->getRequire('/Users/tobikuda...', Array)
#3 /Users/tobikudayisi/repos/admissionboox/vendor/laravel/framework/src/Illuminate/View/Engines/CompilerEngine.php(72): Illuminate\\View\\Engines\\PhpEngine->evaluatePath('/Users/tobikuda...', Array)
#4 /Users/tobikudayisi/repos/admissionboox/vendor/laravel/framework/src/Illuminate/View/View.php(207): Illuminate\\View\\Engines\\CompilerEngine->get('/Users/tobikuda...', Array)
#5 /Users/tobikudayisi/repos/admissionboox/vendor/laravel/framework/src/Illuminate/View/View.php(190): Illuminate\\View\\View->getContents()
#6 /Users/tobikudayisi/repos/admissionboox/vendor/laravel/framework/src/Illuminate/View/View.php(159): Illuminate\\View\\View->renderContents()
#7 /Users/tobikudayisi/repos/admissionboox/vendor/laravel/framework/src/Illuminate/Http/Response.php(69): Illuminate\\View\\View->render()
#8 /Users/tobikudayisi/repos/admissionboox/vendor/laravel/framework/src/Illuminate/Http/Response.php(35): Illuminate\\Http\\Response->setContent(Object(Illuminate\\View\\View))
#9 /Users/tobikudayisi/repos/admissionboox/vendor/laravel/framework/src/Illuminate/Routing/Router.php(918): Illuminate\\Http\\Response->__construct(Object(Illuminate\\View\\View), 200, Array)
#10 /Users/tobikudayisi/repos/admissionboox/vendor/laravel/framework/src/Illuminate/Routing/Router.php(885): Illuminate\\Routing\\Router::toResponse(Object(Illuminate\\Http\\Request), Object(Illuminate\\View\\View))
#11 /Users/tobikudayisi/repos/admissionboox/vendor/laravel/framework/src/Illuminate/Routing/Router.php(805): Illuminate\\Routing\\Router->prepareResponse(Object(Illuminate\\Http\\Request), Object(Illuminate\\View\\View))
#12 /Users/tobikudayisi/repos/admissionboox/vendor/laravel/framework/src/Illuminate/Pipeline/Pipeline.php(144): Illuminate\\Routing\\Router->Illuminate\\Routing\\{closure}(Object(Illuminate\\Http\\Request))
#13 /Users/tobikudayisi/repos/admissionboox/vendor/laravel/framework/src/Illuminate/Routing/Middleware/SubstituteBindings.php(50): Illuminate\\Pipeline\\Pipeline->Illuminate\\Pipeline\\{closure}(Object(Illuminate\\Http\\Request))
#14 /Users/tobikudayisi/repos/admissionboox/vendor/laravel/framework/src/Illuminate/Pipeline/Pipeline.php(183): Illuminate\\Routing\\Middleware\\SubstituteBindings->handle(Object(Illuminate\\Http\\Request), Object(Closure))
#15 /Users/tobikudayisi/repos/admissionboox/vendor/laravel/framework/src/Illuminate/Foundation/Http/Middleware/VerifyCsrfToken.php(78): Illuminate\\Pipeline\\Pipeline->Illuminate\\Pipeline\\{closure}(Object(Illuminate\\Http\\Request))
#16 /Users/tobikudayisi/repos/admissionboox/vendor/laravel/framework/src/Illuminate/Pipeline/Pipeline.php(183): Illuminate\\Foundation\\Http\\Middleware\\VerifyCsrfToken->handle(Object(Illuminate\\Http\\Request), Object(Closure))
#17 /Users/tobikudayisi/repos/admissionboox/vendor/laravel/framework/src/Illuminate/View/Middleware/ShareErrorsFromSession.php(49): Illuminate\\Pipeline\\Pipeline->Illuminate\\Pipeline\\{closure}(Object(Illuminate\\Http\\Request))
#18 /Users/tobikudayisi/repos/admissionboox/vendor/laravel/framework/src/Illuminate/Pipeline/Pipeline.php(183): Illuminate\\View\\Middleware\\ShareErrorsFromSession->handle(Object(Illuminate\\Http\\Request), Object(Closure))
#19 /Users/tobikudayisi/repos/admissionboox/vendor/laravel/framework/src/Illuminate/Session/Middleware/StartSession.php(121): Illuminate\\Pipeline\\Pipeline->Illuminate\\Pipeline\\{closure}(Object(Illuminate\\Http\\Request))
#20 /Users/tobikudayisi/repos/admissionboox/vendor/laravel/framework/src/Illuminate/Session/Middleware/StartSession.php(64): Illuminate\\Session\\Middleware\\StartSession->handleStatefulRequest(Object(Illuminate\\Http\\Request), Object(Illuminate\\Session\\Store), Object(Closure))
#21 /Users/tobikudayisi/repos/admissionboox/vendor/laravel/framework/src/Illuminate/Pipeline/Pipeline.php(183): Illuminate\\Session\\Middleware\\StartSession->handle(Object(Illuminate\\Http\\Request), Object(Closure))
#22 /Users/tobikudayisi/repos/admissionboox/vendor/laravel/framework/src/Illuminate/Cookie/Middleware/AddQueuedCookiesToResponse.php(37): Illuminate\\Pipeline\\Pipeline->Illuminate\\Pipeline\\{closure}(Object(Illuminate\\Http\\Request))
#23 /Users/tobikudayisi/repos/admissionboox/vendor/laravel/framework/src/Illuminate/Pipeline/Pipeline.php(183): Illuminate\\Cookie\\Middleware\\AddQueuedCookiesToResponse->handle(Object(Illuminate\\Http\\Request), Object(Closure))
#24 /Users/tobikudayisi/repos/admissionboox/vendor/laravel/framework/src/Illuminate/Cookie/Middleware/EncryptCookies.php(67): Illuminate\\Pipeline\\Pipeline->Illuminate\\Pipeline\\{closure}(Object(Illuminate\\Http\\Request))
#25 /Users/tobikudayisi/repos/admissionboox/vendor/laravel/framework/src/Illuminate/Pipeline/Pipeline.php(183): Illuminate\\Cookie\\Middleware\\EncryptCookies->handle(Object(Illuminate\\Http\\Request), Object(Closure))
#26 /Users/tobikudayisi/repos/admissionboox/vendor/laravel/framework/src/Illuminate/Pipeline/Pipeline.php(119): Illuminate\\Pipeline\\Pipeline->Illuminate\\Pipeline\\{closure}(Object(Illuminate\\Http\\Request))
#27 /Users/tobikudayisi/repos/admissionboox/vendor/laravel/framework/src/Illuminate/Routing/Router.php(805): Illuminate\\Pipeline\\Pipeline->then(Object(Closure))
#28 /Users/tobikudayisi/repos/admissionboox/vendor/laravel/framework/src/Illuminate/Routing/Router.php(784): Illuminate\\Routing\\Router->runRouteWithinStack(Object(Illuminate\\Routing\\Route), Object(Illuminate\\Http\\Request))
#29 /Users/tobikudayisi/repos/admissionboox/vendor/laravel/framework/src/Illuminate/Routing/Router.php(748): Illuminate\\Routing\\Router->runRoute(Object(Illuminate\\Http\\Request), Object(Illuminate\\Routing\\Route))
#30 /Users/tobikudayisi/repos/admissionboox/vendor/laravel/framework/src/Illuminate/Routing/Router.php(737): Illuminate\\Routing\\Router->dispatchToRoute(Object(Illuminate\\Http\\Request))
#31 /Users/tobikudayisi/repos/admissionboox/vendor/laravel/framework/src/Illuminate/Foundation/Http/Kernel.php(200): Illuminate\\Routing\\Router->dispatch(Object(Illuminate\\Http\\Request))
#32 /Users/tobikudayisi/repos/admissionboox/vendor/laravel/framework/src/Illuminate/Pipeline/Pipeline.php(144): Illuminate\\Foundation\\Http\\Kernel->Illuminate\\Foundation\\Http\\{closure}(Object(Illuminate\\Http\\Request))
#33 /Users/tobikudayisi/repos/admissionboox/vendor/laravel/framework/src/Illuminate/Cookie/Middleware/EncryptCookies.php(67): Illuminate\\Pipeline\\Pipeline->Illuminate\\Pipeline\\{closure}(Object(Illuminate\\Http\\Request))
#34 /Users/tobikudayisi/repos/admissionboox/vendor/laravel/framework/src/Illuminate/Pipeline/Pipeline.php(183): Illuminate\\Cookie\\Middleware\\EncryptCookies->handle(Object(Illuminate\\Http\\Request), Object(Closure))
#35 /Users/tobikudayisi/repos/admissionboox/vendor/laravel/framework/src/Illuminate/View/Middleware/ShareErrorsFromSession.php(49): Illuminate\\Pipeline\\Pipeline->Illuminate\\Pipeline\\{closure}(Object(Illuminate\\Http\\Request))
#36 /Users/tobikudayisi/repos/admissionboox/vendor/laravel/framework/src/Illuminate/Pipeline/Pipeline.php(183): Illuminate\\View\\Middleware\\ShareErrorsFromSession->handle(Object(Illuminate\\Http\\Request), Object(Closure))
#37 /Users/tobikudayisi/repos/admissionboox/vendor/laravel/framework/src/Illuminate/Session/Middleware/StartSession.php(121): Illuminate\\Pipeline\\Pipeline->Illuminate\\Pipeline\\{closure}(Object(Illuminate\\Http\\Request))
#38 /Users/tobikudayisi/repos/admissionboox/vendor/laravel/framework/src/Illuminate/Session/Middleware/StartSession.php(64): Illuminate\\Session\\Middleware\\StartSession->handleStatefulRequest(Object(Illuminate\\Http\\Request), Object(Illuminate\\Session\\Store), Object(Closure))
#39 /Users/tobikudayisi/repos/admissionboox/vendor/laravel/framework/src/Illuminate/Pipeline/Pipeline.php(183): Illuminate\\Session\\Middleware\\StartSession->handle(Object(Illuminate\\Http\\Request), Object(Closure))
#40 /Users/tobikudayisi/repos/admissionboox/vendor/laravel/framework/src/Illuminate/Foundation/Http/Middleware/TransformsRequest.php(21): Illuminate\\Pipeline\\Pipeline->Illuminate\\Pipeline\\{closure}(Object(Illuminate\\Http\\Request))
#41 /Users/tobikudayisi/repos/admissionboox/vendor/laravel/framework/src/Illuminate/Foundation/Http/Middleware/ConvertEmptyStringsToNull.php(31): Illuminate\\Foundation\\Http\\Middleware\\TransformsRequest->handle(Object(Illuminate\\Http\\Request), Object(Closure))
#42 /Users/tobikudayisi/repos/admissionboox/vendor/laravel/framework/src/Illuminate/Pipeline/Pipeline.php(183): Illuminate\\Foundation\\Http\\Middleware\\ConvertEmptyStringsToNull->handle(Object(Illuminate\\Http\\Request), Object(Closure))
#43 /Users/tobikudayisi/repos/admissionboox/vendor/laravel/framework/src/Illuminate/Foundation/Http/Middleware/TransformsRequest.php(21): Illuminate\\Pipeline\\Pipeline->Illuminate\\Pipeline\\{closure}(Object(Illuminate\\Http\\Request))
#44 /Users/tobikudayisi/repos/admissionboox/vendor/laravel/framework/src/Illuminate/Foundation/Http/Middleware/TrimStrings.php(40): Illuminate\\Foundation\\Http\\Middleware\\TransformsRequest->handle(Object(Illuminate\\Http\\Request), Object(Closure))
#45 /Users/tobikudayisi/repos/admissionboox/vendor/laravel/framework/src/Illuminate/Pipeline/Pipeline.php(183): Illuminate\\Foundation\\Http\\Middleware\\TrimStrings->handle(Object(Illuminate\\Http\\Request), Object(Closure))
#46 /Users/tobikudayisi/repos/admissionboox/vendor/laravel/framework/src/Illuminate/Foundation/Http/Middleware/ValidatePostSize.php(27): Illuminate\\Pipeline\\Pipeline->Illuminate\\Pipeline\\{closure}(Object(Illuminate\\Http\\Request))
#47 /Users/tobikudayisi/repos/admissionboox/vendor/laravel/framework/src/Illuminate/Pipeline/Pipeline.php(183): Illuminate\\Foundation\\Http\\Middleware\\ValidatePostSize->handle(Object(Illuminate\\Http\\Request), Object(Closure))
#48 /Users/tobikudayisi/repos/admissionboox/vendor/laravel/framework/src/Illuminate/Foundation/Http/Middleware/PreventRequestsDuringMaintenance.php(99): Illuminate\\Pipeline\\Pipeline->Illuminate\\Pipeline\\{closure}(Object(Illuminate\\Http\\Request))
#49 /Users/tobikudayisi/repos/admissionboox/vendor/laravel/framework/src/Illuminate/Pipeline/Pipeline.php(183): Illuminate\\Foundation\\Http\\Middleware\\PreventRequestsDuringMaintenance->handle(Object(Illuminate\\Http\\Request), Object(Closure))
#50 /Users/tobikudayisi/repos/admissionboox/vendor/laravel/framework/src/Illuminate/Http/Middleware/HandleCors.php(49): Illuminate\\Pipeline\\Pipeline->Illuminate\\Pipeline\\{closure}(Object(Illuminate\\Http\\Request))
#51 /Users/tobikudayisi/repos/admissionboox/vendor/laravel/framework/src/Illuminate/Pipeline/Pipeline.php(183): Illuminate\\Http\\Middleware\\HandleCors->handle(Object(Illuminate\\Http\\Request), Object(Closure))
#52 /Users/tobikudayisi/repos/admissionboox/vendor/laravel/framework/src/Illuminate/Http/Middleware/TrustProxies.php(39): Illuminate\\Pipeline\\Pipeline->Illuminate\\Pipeline\\{closure}(Object(Illuminate\\Http\\Request))
#53 /Users/tobikudayisi/repos/admissionboox/vendor/laravel/framework/src/Illuminate/Pipeline/Pipeline.php(183): Illuminate\\Http\\Middleware\\TrustProxies->handle(Object(Illuminate\\Http\\Request), Object(Closure))
#54 /Users/tobikudayisi/repos/admissionboox/vendor/laravel/framework/src/Illuminate/Pipeline/Pipeline.php(119): Illuminate\\Pipeline\\Pipeline->Illuminate\\Pipeline\\{closure}(Object(Illuminate\\Http\\Request))
#55 /Users/tobikudayisi/repos/admissionboox/vendor/laravel/framework/src/Illuminate/Foundation/Http/Kernel.php(175): Illuminate\\Pipeline\\Pipeline->then(Object(Closure))
#56 /Users/tobikudayisi/repos/admissionboox/vendor/laravel/framework/src/Illuminate/Foundation/Http/Kernel.php(144): Illuminate\\Foundation\\Http\\Kernel->sendRequestThroughRouter(Object(Illuminate\\Http\\Request))
#57 /Users/tobikudayisi/repos/admissionboox/public/index.php(51): Illuminate\\Foundation\\Http\\Kernel->handle(Object(Illuminate\\Http\\Request))
#58 /Users/tobikudayisi/repos/admissionboox/vendor/laravel/framework/src/Illuminate/Foundation/resources/server.php(16): require_once('/Users/tobikuda...')
#59 {main}

[previous exception] [object] (ErrorException(code: 0): Attempt to read property \"id\" on null at /Users/tobikudayisi/repos/admissionboox/storage/framework/views/db5b8c8ac786c9e18bff5aaa98444923.php:31)
[stacktrace]
#0 /Users/tobikudayisi/repos/admissionboox/vendor/laravel/framework/src/Illuminate/Foundation/Bootstrap/HandleExceptions.php(255): Illuminate\\Foundation\\Bootstrap\\HandleExceptions->handleError(2, 'Attempt to read...', '/Users/tobikuda...', 31)
#1 /Users/tobikudayisi/repos/admissionboox/storage/framework/views/db5b8c8ac786c9e18bff5aaa98444923.php(31): Illuminate\\Foundation\\Bootstrap\\HandleExceptions->Illuminate\\Foundation\\Bootstrap\\{closure}(2, 'Attempt to read...', '/Users/tobikuda...', 31)
#2 /Users/tobikudayisi/repos/admissionboox/vendor/laravel/framework/src/Illuminate/Filesystem/Filesystem.php(123): require('/Users/tobikuda...')
#3 /Users/tobikudayisi/repos/admissionboox/vendor/laravel/framework/src/Illuminate/Filesystem/Filesystem.php(124): Illuminate\\Filesystem\\Filesystem::Illuminate\\Filesystem\\{closure}()
#4 /Users/tobikudayisi/repos/admissionboox/vendor/laravel/framework/src/Illuminate/View/Engines/PhpEngine.php(58): Illuminate\\Filesystem\\Filesystem->getRequire('/Users/tobikuda...', Array)
#5 /Users/tobikudayisi/repos/admissionboox/vendor/laravel/framework/src/Illuminate/View/Engines/CompilerEngine.php(72): Illuminate\\View\\Engines\\PhpEngine->evaluatePath('/Users/tobikuda...', Array)
#6 /Users/tobikudayisi/repos/admissionboox/vendor/laravel/framework/src/Illuminate/View/View.php(207): Illuminate\\View\\Engines\\CompilerEngine->get('/Users/tobikuda...', Array)
#7 /Users/tobikudayisi/repos/admissionboox/vendor/laravel/framework/src/Illuminate/View/View.php(190): Illuminate\\View\\View->getContents()
#8 /Users/tobikudayisi/repos/admissionboox/vendor/laravel/framework/src/Illuminate/View/View.php(159): Illuminate\\View\\View->renderContents()
#9 /Users/tobikudayisi/repos/admissionboox/vendor/laravel/framework/src/Illuminate/Http/Response.php(69): Illuminate\\View\\View->render()
#10 /Users/tobikudayisi/repos/admissionboox/vendor/laravel/framework/src/Illuminate/Http/Response.php(35): Illuminate\\Http\\Response->setContent(Object(Illuminate\\View\\View))
#11 /Users/tobikudayisi/repos/admissionboox/vendor/laravel/framework/src/Illuminate/Routing/Router.php(918): Illuminate\\Http\\Response->__construct(Object(Illuminate\\View\\View), 200, Array)
#12 /Users/tobikudayisi/repos/admissionboox/vendor/laravel/framework/src/Illuminate/Routing/Router.php(885): Illuminate\\Routing\\Router::toResponse(Object(Illuminate\\Http\\Request), Object(Illuminate\\View\\View))
#13 /Users/tobikudayisi/repos/admissionboox/vendor/laravel/framework/src/Illuminate/Routing/Router.php(805): Illuminate\\Routing\\Router->prepareResponse(Object(Illuminate\\Http\\Request), Object(Illuminate\\View\\View))
#14 /Users/tobikudayisi/repos/admissionboox/vendor/laravel/framework/src/Illuminate/Pipeline/Pipeline.php(144): Illuminate\\Routing\\Router->Illuminate\\Routing\\{closure}(Object(Illuminate\\Http\\Request))
#15 /Users/tobikudayisi/repos/admissionboox/vendor/laravel/framework/src/Illuminate/Routing/Middleware/SubstituteBindings.php(50): Illuminate\\Pipeline\\Pipeline->Illuminate\\Pipeline\\{closure}(Object(Illuminate\\Http\\Request))
#16 /Users/tobikudayisi/repos/admissionboox/vendor/laravel/framework/src/Illuminate/Pipeline/Pipeline.php(183): Illuminate\\Routing\\Middleware\\SubstituteBindings->handle(Object(Illuminate\\Http\\Request), Object(Closure))
#17 /Users/tobikudayisi/repos/admissionboox/vendor/laravel/framework/src/Illuminate/Foundation/Http/Middleware/VerifyCsrfToken.php(78): Illuminate\\Pipeline\\Pipeline->Illuminate\\Pipeline\\{closure}(Object(Illuminate\\Http\\Request))
#18 /Users/tobikudayisi/repos/admissionboox/vendor/laravel/framework/src/Illuminate/Pipeline/Pipeline.php(183): Illuminate\\Foundation\\Http\\Middleware\\VerifyCsrfToken->handle(Object(Illuminate\\Http\\Request), Object(Closure))
#19 /Users/tobikudayisi/repos/admissionboox/vendor/laravel/framework/src/Illuminate/View/Middleware/ShareErrorsFromSession.php(49): Illuminate\\Pipeline\\Pipeline->Illuminate\\Pipeline\\{closure}(Object(Illuminate\\Http\\Request))
#20 /Users/tobikudayisi/repos/admissionboox/vendor/laravel/framework/src/Illuminate/Pipeline/Pipeline.php(183): Illuminate\\View\\Middleware\\ShareErrorsFromSession->handle(Object(Illuminate\\Http\\Request), Object(Closure))
#21 /Users/tobikudayisi/repos/admissionboox/vendor/laravel/framework/src/Illuminate/Session/Middleware/StartSession.php(121): Illuminate\\Pipeline\\Pipeline->Illuminate\\Pipeline\\{closure}(Object(Illuminate\\Http\\Request))
#22 /Users/tobikudayisi/repos/admissionboox/vendor/laravel/framework/src/Illuminate/Session/Middleware/StartSession.php(64): Illuminate\\Session\\Middleware\\StartSession->handleStatefulRequest(Object(Illuminate\\Http\\Request), Object(Illuminate\\Session\\Store), Object(Closure))
#23 /Users/tobikudayisi/repos/admissionboox/vendor/laravel/framework/src/Illuminate/Pipeline/Pipeline.php(183): Illuminate\\Session\\Middleware\\StartSession->handle(Object(Illuminate\\Http\\Request), Object(Closure))
#24 /Users/tobikudayisi/repos/admissionboox/vendor/laravel/framework/src/Illuminate/Cookie/Middleware/AddQueuedCookiesToResponse.php(37): Illuminate\\Pipeline\\Pipeline->Illuminate\\Pipeline\\{closure}(Object(Illuminate\\Http\\Request))
#25 /Users/tobikudayisi/repos/admissionboox/vendor/laravel/framework/src/Illuminate/Pipeline/Pipeline.php(183): Illuminate\\Cookie\\Middleware\\AddQueuedCookiesToResponse->handle(Object(Illuminate\\Http\\Request), Object(Closure))
#26 /Users/tobikudayisi/repos/admissionboox/vendor/laravel/framework/src/Illuminate/Cookie/Middleware/EncryptCookies.php(67): Illuminate\\Pipeline\\Pipeline->Illuminate\\Pipeline\\{closure}(Object(Illuminate\\Http\\Request))
#27 /Users/tobikudayisi/repos/admissionboox/vendor/laravel/framework/src/Illuminate/Pipeline/Pipeline.php(183): Illuminate\\Cookie\\Middleware\\EncryptCookies->handle(Object(Illuminate\\Http\\Request), Object(Closure))
#28 /Users/tobikudayisi/repos/admissionboox/vendor/laravel/framework/src/Illuminate/Pipeline/Pipeline.php(119): Illuminate\\Pipeline\\Pipeline->Illuminate\\Pipeline\\{closure}(Object(Illuminate\\Http\\Request))
#29 /Users/tobikudayisi/repos/admissionboox/vendor/laravel/framework/src/Illuminate/Routing/Router.php(805): Illuminate\\Pipeline\\Pipeline->then(Object(Closure))
#30 /Users/tobikudayisi/repos/admissionboox/vendor/laravel/framework/src/Illuminate/Routing/Router.php(784): Illuminate\\Routing\\Router->runRouteWithinStack(Object(Illuminate\\Routing\\Route), Object(Illuminate\\Http\\Request))
#31 /Users/tobikudayisi/repos/admissionboox/vendor/laravel/framework/src/Illuminate/Routing/Router.php(748): Illuminate\\Routing\\Router->runRoute(Object(Illuminate\\Http\\Request), Object(Illuminate\\Routing\\Route))
#32 /Users/tobikudayisi/repos/admissionboox/vendor/laravel/framework/src/Illuminate/Routing/Router.php(737): Illuminate\\Routing\\Router->dispatchToRoute(Object(Illuminate\\Http\\Request))
#33 /Users/tobikudayisi/repos/admissionboox/vendor/laravel/framework/src/Illuminate/Foundation/Http/Kernel.php(200): Illuminate\\Routing\\Router->dispatch(Object(Illuminate\\Http\\Request))
#34 /Users/tobikudayisi/repos/admissionboox/vendor/laravel/framework/src/Illuminate/Pipeline/Pipeline.php(144): Illuminate\\Foundation\\Http\\Kernel->Illuminate\\Foundation\\Http\\{closure}(Object(Illuminate\\Http\\Request))
#35 /Users/tobikudayisi/repos/admissionboox/vendor/laravel/framework/src/Illuminate/Cookie/Middleware/EncryptCookies.php(67): Illuminate\\Pipeline\\Pipeline->Illuminate\\Pipeline\\{closure}(Object(Illuminate\\Http\\Request))
#36 /Users/tobikudayisi/repos/admissionboox/vendor/laravel/framework/src/Illuminate/Pipeline/Pipeline.php(183): Illuminate\\Cookie\\Middleware\\EncryptCookies->handle(Object(Illuminate\\Http\\Request), Object(Closure))
#37 /Users/tobikudayisi/repos/admissionboox/vendor/laravel/framework/src/Illuminate/View/Middleware/ShareErrorsFromSession.php(49): Illuminate\\Pipeline\\Pipeline->Illuminate\\Pipeline\\{closure}(Object(Illuminate\\Http\\Request))
#38 /Users/tobikudayisi/repos/admissionboox/vendor/laravel/framework/src/Illuminate/Pipeline/Pipeline.php(183): Illuminate\\View\\Middleware\\ShareErrorsFromSession->handle(Object(Illuminate\\Http\\Request), Object(Closure))
#39 /Users/tobikudayisi/repos/admissionboox/vendor/laravel/framework/src/Illuminate/Session/Middleware/StartSession.php(121): Illuminate\\Pipeline\\Pipeline->Illuminate\\Pipeline\\{closure}(Object(Illuminate\\Http\\Request))
#40 /Users/tobikudayisi/repos/admissionboox/vendor/laravel/framework/src/Illuminate/Session/Middleware/StartSession.php(64): Illuminate\\Session\\Middleware\\StartSession->handleStatefulRequest(Object(Illuminate\\Http\\Request), Object(Illuminate\\Session\\Store), Object(Closure))
#41 /Users/tobikudayisi/repos/admissionboox/vendor/laravel/framework/src/Illuminate/Pipeline/Pipeline.php(183): Illuminate\\Session\\Middleware\\StartSession->handle(Object(Illuminate\\Http\\Request), Object(Closure))
#42 /Users/tobikudayisi/repos/admissionboox/vendor/laravel/framework/src/Illuminate/Foundation/Http/Middleware/TransformsRequest.php(21): Illuminate\\Pipeline\\Pipeline->Illuminate\\Pipeline\\{closure}(Object(Illuminate\\Http\\Request))
#43 /Users/tobikudayisi/repos/admissionboox/vendor/laravel/framework/src/Illuminate/Foundation/Http/Middleware/ConvertEmptyStringsToNull.php(31): Illuminate\\Foundation\\Http\\Middleware\\TransformsRequest->handle(Object(Illuminate\\Http\\Request), Object(Closure))
#44 /Users/tobikudayisi/repos/admissionboox/vendor/laravel/framework/src/Illuminate/Pipeline/Pipeline.php(183): Illuminate\\Foundation\\Http\\Middleware\\ConvertEmptyStringsToNull->handle(Object(Illuminate\\Http\\Request), Object(Closure))
#45 /Users/tobikudayisi/repos/admissionboox/vendor/laravel/framework/src/Illuminate/Foundation/Http/Middleware/TransformsRequest.php(21): Illuminate\\Pipeline\\Pipeline->Illuminate\\Pipeline\\{closure}(Object(Illuminate\\Http\\Request))
#46 /Users/tobikudayisi/repos/admissionboox/vendor/laravel/framework/src/Illuminate/Foundation/Http/Middleware/TrimStrings.php(40): Illuminate\\Foundation\\Http\\Middleware\\TransformsRequest->handle(Object(Illuminate\\Http\\Request), Object(Closure))
#47 /Users/tobikudayisi/repos/admissionboox/vendor/laravel/framework/src/Illuminate/Pipeline/Pipeline.php(183): Illuminate\\Foundation\\Http\\Middleware\\TrimStrings->handle(Object(Illuminate\\Http\\Request), Object(Closure))
#48 /Users/tobikudayisi/repos/admissionboox/vendor/laravel/framework/src/Illuminate/Foundation/Http/Middleware/ValidatePostSize.php(27): Illuminate\\Pipeline\\Pipeline->Illuminate\\Pipeline\\{closure}(Object(Illuminate\\Http\\Request))
#49 /Users/tobikudayisi/repos/admissionboox/vendor/laravel/framework/src/Illuminate/Pipeline/Pipeline.php(183): Illuminate\\Foundation\\Http\\Middleware\\ValidatePostSize->handle(Object(Illuminate\\Http\\Request), Object(Closure))
#50 /Users/tobikudayisi/repos/admissionboox/vendor/laravel/framework/src/Illuminate/Foundation/Http/Middleware/PreventRequestsDuringMaintenance.php(99): Illuminate\\Pipeline\\Pipeline->Illuminate\\Pipeline\\{closure}(Object(Illuminate\\Http\\Request))
#51 /Users/tobikudayisi/repos/admissionboox/vendor/laravel/framework/src/Illuminate/Pipeline/Pipeline.php(183): Illuminate\\Foundation\\Http\\Middleware\\PreventRequestsDuringMaintenance->handle(Object(Illuminate\\Http\\Request), Object(Closure))
#52 /Users/tobikudayisi/repos/admissionboox/vendor/laravel/framework/src/Illuminate/Http/Middleware/HandleCors.php(49): Illuminate\\Pipeline\\Pipeline->Illuminate\\Pipeline\\{closure}(Object(Illuminate\\Http\\Request))
#53 /Users/tobikudayisi/repos/admissionboox/vendor/laravel/framework/src/Illuminate/Pipeline/Pipeline.php(183): Illuminate\\Http\\Middleware\\HandleCors->handle(Object(Illuminate\\Http\\Request), Object(Closure))
#54 /Users/tobikudayisi/repos/admissionboox/vendor/laravel/framework/src/Illuminate/Http/Middleware/TrustProxies.php(39): Illuminate\\Pipeline\\Pipeline->Illuminate\\Pipeline\\{closure}(Object(Illuminate\\Http\\Request))
#55 /Users/tobikudayisi/repos/admissionboox/vendor/laravel/framework/src/Illuminate/Pipeline/Pipeline.php(183): Illuminate\\Http\\Middleware\\TrustProxies->handle(Object(Illuminate\\Http\\Request), Object(Closure))
#56 /Users/tobikudayisi/repos/admissionboox/vendor/laravel/framework/src/Illuminate/Pipeline/Pipeline.php(119): Illuminate\\Pipeline\\Pipeline->Illuminate\\Pipeline\\{closure}(Object(Illuminate\\Http\\Request))
#57 /Users/tobikudayisi/repos/admissionboox/vendor/laravel/framework/src/Illuminate/Foundation/Http/Kernel.php(175): Illuminate\\Pipeline\\Pipeline->then(Object(Closure))
#58 /Users/tobikudayisi/repos/admissionboox/vendor/laravel/framework/src/Illuminate/Foundation/Http/Kernel.php(144): Illuminate\\Foundation\\Http\\Kernel->sendRequestThroughRouter(Object(Illuminate\\Http\\Request))
#59 /Users/tobikudayisi/repos/admissionboox/public/index.php(51): Illuminate\\Foundation\\Http\\Kernel->handle(Object(Illuminate\\Http\\Request))
#60 /Users/tobikudayisi/repos/admissionboox/vendor/laravel/framework/src/Illuminate/Foundation/resources/server.php(16): require_once('/Users/tobikuda...')
#61 {main}
"} 
